2019/09/03 07:08:14 [INFO] Terraform version: 0.11.14 mesosphere 
2019/09/03 07:08:14 [INFO] Go runtime version: go1.12
2019/09/03 07:08:14 [INFO] CLI args: []string{"/bin/terraform", "init", "-upgrade"}
2019/09/03 07:08:14 [DEBUG] Attempting to open CLI config file: /root/.terraformrc
2019/09/03 07:08:14 [DEBUG] File doesn't exist, but doesn't need to. Ignoring.
2019/09/03 07:08:14 [INFO] CLI command args: []string{"init", "-upgrade"}
2019/09/03 07:08:14 [DEBUG] command: loading backend config file: /jenkins/workspace/terraform-gcp-dcos_support_0.2.x
2019/09/03 07:08:14 [INFO] no matching version for "dcos-terraform/infrastructure/gcp"<~> 0.2.0>, no versions found
2019/09/03 07:08:14 [DEBUG] matched "dcos-terraform/infrastructure/gcp" version  for ~> 0.2.0
2019/09/03 07:08:14 [DEBUG] Service discovery for registry.terraform.io at https://registry.terraform.io/.well-known/terraform.json
2019/09/03 07:08:14 [DEBUG] fetching module versions from "https://registry.terraform.io/v1/modules/dcos-terraform/infrastructure/gcp/versions"
2019/09/03 07:08:14 [DEBUG] found available version "0.0.3" for dcos-terraform/infrastructure/gcp
2019/09/03 07:08:14 [DEBUG] found available version "0.0.8" for dcos-terraform/infrastructure/gcp
2019/09/03 07:08:14 [DEBUG] found available version "0.0.19" for dcos-terraform/infrastructure/gcp
2019/09/03 07:08:14 [DEBUG] found available version "0.0.20" for dcos-terraform/infrastructure/gcp
2019/09/03 07:08:14 [DEBUG] found available version "0.0.9" for dcos-terraform/infrastructure/gcp
2019/09/03 07:08:14 [DEBUG] found available version "0.0.4" for dcos-terraform/infrastructure/gcp
2019/09/03 07:08:14 [DEBUG] found available version "0.0.21" for dcos-terraform/infrastructure/gcp
2019/09/03 07:08:14 [DEBUG] found available version "0.0.5" for dcos-terraform/infrastructure/gcp
2019/09/03 07:08:14 [DEBUG] found available version "0.0.31" for dcos-terraform/infrastructure/gcp
2019/09/03 07:08:14 [DEBUG] found available version "0.0.25" for dcos-terraform/infrastructure/gcp
2019/09/03 07:08:14 [DEBUG] found available version "0.0.6" for dcos-terraform/infrastructure/gcp
2019/09/03 07:08:14 [DEBUG] found available version "0.0.14" for dcos-terraform/infrastructure/gcp
2019/09/03 07:08:14 [DEBUG] found available version "0.0.0" for dcos-terraform/infrastructure/gcp
2019/09/03 07:08:14 [DEBUG] found available version "0.0.2" for dcos-terraform/infrastructure/gcp
2019/09/03 07:08:14 [DEBUG] found available version "0.0.1" for dcos-terraform/infrastructure/gcp
2019/09/03 07:08:14 [DEBUG] found available version "0.0.17" for dcos-terraform/infrastructure/gcp
2019/09/03 07:08:14 [DEBUG] found available version "0.0.15" for dcos-terraform/infrastructure/gcp
2019/09/03 07:08:14 [DEBUG] found available version "0.0.16" for dcos-terraform/infrastructure/gcp
2019/09/03 07:08:14 [DEBUG] found available version "0.0.27" for dcos-terraform/infrastructure/gcp
2019/09/03 07:08:14 [DEBUG] found available version "0.0.18" for dcos-terraform/infrastructure/gcp
2019/09/03 07:08:14 [DEBUG] found available version "0.0.12" for dcos-terraform/infrastructure/gcp
2019/09/03 07:08:14 [DEBUG] found available version "0.0.10" for dcos-terraform/infrastructure/gcp
2019/09/03 07:08:14 [DEBUG] found available version "0.0.22" for dcos-terraform/infrastructure/gcp
2019/09/03 07:08:14 [DEBUG] found available version "0.0.7" for dcos-terraform/infrastructure/gcp
2019/09/03 07:08:14 [DEBUG] found available version "0.0.13" for dcos-terraform/infrastructure/gcp
2019/09/03 07:08:14 [DEBUG] found available version "0.0.11" for dcos-terraform/infrastructure/gcp
2019/09/03 07:08:14 [DEBUG] found available version "0.0.24" for dcos-terraform/infrastructure/gcp
2019/09/03 07:08:14 [DEBUG] found available version "0.0.23" for dcos-terraform/infrastructure/gcp
2019/09/03 07:08:14 [DEBUG] found available version "0.0.30" for dcos-terraform/infrastructure/gcp
2019/09/03 07:08:14 [DEBUG] found available version "0.0.26" for dcos-terraform/infrastructure/gcp
2019/09/03 07:08:14 [DEBUG] found available version "0.0.28" for dcos-terraform/infrastructure/gcp
2019/09/03 07:08:14 [DEBUG] found available version "0.0.29" for dcos-terraform/infrastructure/gcp
2019/09/03 07:08:14 [DEBUG] found available version "0.1.0" for dcos-terraform/infrastructure/gcp
2019/09/03 07:08:14 [DEBUG] found available version "0.1.1" for dcos-terraform/infrastructure/gcp
2019/09/03 07:08:14 [DEBUG] found available version "0.2.0" for dcos-terraform/infrastructure/gcp
2019/09/03 07:08:14 [DEBUG] looking up module location from "https://registry.terraform.io/v1/modules/dcos-terraform/infrastructure/gcp/0.2.0/download"
2019/09/03 07:08:14 [DEBUG] found "https://api.github.com/repos/dcos-terraform/terraform-gcp-infrastructure/tarball/0.2.0?archive=tar.gz" in ".terraform/modules/dc05220c22311b2d62a3c84aee39814e": true
2019/09/03 07:08:14 [TRACE] "https://api.github.com/repos/dcos-terraform/terraform-gcp-infrastructure/tarball/0.2.0?archive=tar.gz" stored in ".terraform/modules/dc05220c22311b2d62a3c84aee39814e"
2019/09/03 07:08:14 [INFO] no matching version for "dcos-terraform/dcos-install-remote-exec/null"<~> 0.2.0>, no versions found
2019/09/03 07:08:14 [DEBUG] matched "dcos-terraform/dcos-install-remote-exec/null" version  for ~> 0.2.0
2019/09/03 07:08:14 [DEBUG] fetching module versions from "https://registry.terraform.io/v1/modules/dcos-terraform/dcos-install-remote-exec/null/versions"
2019/09/03 07:08:14 [DEBUG] found available version "0.1.1" for dcos-terraform/dcos-install-remote-exec/null
2019/09/03 07:08:14 [DEBUG] found available version "0.2.2" for dcos-terraform/dcos-install-remote-exec/null
2019/09/03 07:08:14 [DEBUG] found available version "0.2.1" for dcos-terraform/dcos-install-remote-exec/null
2019/09/03 07:08:14 [DEBUG] found available version "0.2.0" for dcos-terraform/dcos-install-remote-exec/null
2019/09/03 07:08:14 [DEBUG] found available version "0.0.1" for dcos-terraform/dcos-install-remote-exec/null
2019/09/03 07:08:14 [DEBUG] found available version "0.0.3" for dcos-terraform/dcos-install-remote-exec/null
2019/09/03 07:08:14 [DEBUG] found available version "0.0.7" for dcos-terraform/dcos-install-remote-exec/null
2019/09/03 07:08:14 [DEBUG] found available version "0.1.0" for dcos-terraform/dcos-install-remote-exec/null
2019/09/03 07:08:14 [DEBUG] found available version "0.0.6" for dcos-terraform/dcos-install-remote-exec/null
2019/09/03 07:08:14 [DEBUG] found available version "0.0.5" for dcos-terraform/dcos-install-remote-exec/null
2019/09/03 07:08:14 [DEBUG] found available version "0.0.4" for dcos-terraform/dcos-install-remote-exec/null
2019/09/03 07:08:14 [DEBUG] found available version "0.0.2" for dcos-terraform/dcos-install-remote-exec/null
2019/09/03 07:08:14 [DEBUG] looking up module location from "https://registry.terraform.io/v1/modules/dcos-terraform/dcos-install-remote-exec/null/0.2.2/download"
2019/09/03 07:08:15 [DEBUG] found "https://api.github.com/repos/dcos-terraform/terraform-null-dcos-install-remote-exec/tarball/0.2.2?archive=tar.gz" in ".terraform/modules/6d951e39afa48e8ff510e8e2e29bccd2": true
2019/09/03 07:08:15 [TRACE] "https://api.github.com/repos/dcos-terraform/terraform-null-dcos-install-remote-exec/tarball/0.2.2?archive=tar.gz" stored in ".terraform/modules/6d951e39afa48e8ff510e8e2e29bccd2"
2019/09/03 07:08:15 [INFO] no matching version for "dcos-terraform/network/gcp"<~> 0.2.0>, no versions found
2019/09/03 07:08:15 [DEBUG] matched "dcos-terraform/network/gcp" version  for ~> 0.2.0
2019/09/03 07:08:15 [DEBUG] fetching module versions from "https://registry.terraform.io/v1/modules/dcos-terraform/network/gcp/versions"
2019/09/03 07:08:15 [DEBUG] found available version "0.2.0" for dcos-terraform/network/gcp
2019/09/03 07:08:15 [DEBUG] found available version "0.1.1" for dcos-terraform/network/gcp
2019/09/03 07:08:15 [DEBUG] found available version "0.1.0" for dcos-terraform/network/gcp
2019/09/03 07:08:15 [DEBUG] found available version "0.0.15" for dcos-terraform/network/gcp
2019/09/03 07:08:15 [DEBUG] found available version "0.0.14" for dcos-terraform/network/gcp
2019/09/03 07:08:15 [DEBUG] found available version "0.0.13" for dcos-terraform/network/gcp
2019/09/03 07:08:15 [DEBUG] found available version "0.0.12" for dcos-terraform/network/gcp
2019/09/03 07:08:15 [DEBUG] found available version "0.0.11" for dcos-terraform/network/gcp
2019/09/03 07:08:15 [DEBUG] found available version "0.0.10" for dcos-terraform/network/gcp
2019/09/03 07:08:15 [DEBUG] found available version "0.0.9" for dcos-terraform/network/gcp
2019/09/03 07:08:15 [DEBUG] found available version "0.0.8" for dcos-terraform/network/gcp
2019/09/03 07:08:15 [DEBUG] found available version "0.0.7" for dcos-terraform/network/gcp
2019/09/03 07:08:15 [DEBUG] found available version "0.0.6" for dcos-terraform/network/gcp
2019/09/03 07:08:15 [DEBUG] found available version "0.0.5" for dcos-terraform/network/gcp
2019/09/03 07:08:15 [DEBUG] found available version "0.0.4" for dcos-terraform/network/gcp
2019/09/03 07:08:15 [DEBUG] found available version "0.0.3" for dcos-terraform/network/gcp
2019/09/03 07:08:15 [DEBUG] found available version "0.0.2" for dcos-terraform/network/gcp
2019/09/03 07:08:15 [DEBUG] found available version "0.0.1" for dcos-terraform/network/gcp
2019/09/03 07:08:15 [DEBUG] found available version "0.0.0" for dcos-terraform/network/gcp
2019/09/03 07:08:15 [DEBUG] looking up module location from "https://registry.terraform.io/v1/modules/dcos-terraform/network/gcp/0.2.0/download"
2019/09/03 07:08:15 [DEBUG] found "https://api.github.com/repos/dcos-terraform/terraform-gcp-network/tarball/0.2.0?archive=tar.gz" in ".terraform/modules/f1affe35d069c6bf926d7a46c9c66d2b": true
2019/09/03 07:08:15 [TRACE] "https://api.github.com/repos/dcos-terraform/terraform-gcp-network/tarball/0.2.0?archive=tar.gz" stored in ".terraform/modules/f1affe35d069c6bf926d7a46c9c66d2b"
2019/09/03 07:08:15 [INFO] no matching version for "dcos-terraform/compute-firewall/gcp"<~> 0.2.0>, no versions found
2019/09/03 07:08:15 [DEBUG] matched "dcos-terraform/compute-firewall/gcp" version  for ~> 0.2.0
2019/09/03 07:08:15 [DEBUG] fetching module versions from "https://registry.terraform.io/v1/modules/dcos-terraform/compute-firewall/gcp/versions"
2019/09/03 07:08:15 [DEBUG] found available version "0.0.10" for dcos-terraform/compute-firewall/gcp
2019/09/03 07:08:15 [DEBUG] found available version "0.0.11" for dcos-terraform/compute-firewall/gcp
2019/09/03 07:08:15 [DEBUG] found available version "0.0.3" for dcos-terraform/compute-firewall/gcp
2019/09/03 07:08:15 [DEBUG] found available version "0.0.21" for dcos-terraform/compute-firewall/gcp
2019/09/03 07:08:15 [DEBUG] found available version "0.0.0" for dcos-terraform/compute-firewall/gcp
2019/09/03 07:08:15 [DEBUG] found available version "0.0.1" for dcos-terraform/compute-firewall/gcp
2019/09/03 07:08:15 [DEBUG] found available version "0.0.2" for dcos-terraform/compute-firewall/gcp
2019/09/03 07:08:15 [DEBUG] found available version "0.0.16" for dcos-terraform/compute-firewall/gcp
2019/09/03 07:08:15 [DEBUG] found available version "0.0.5" for dcos-terraform/compute-firewall/gcp
2019/09/03 07:08:15 [DEBUG] found available version "0.0.19" for dcos-terraform/compute-firewall/gcp
2019/09/03 07:08:15 [DEBUG] found available version "0.0.18" for dcos-terraform/compute-firewall/gcp
2019/09/03 07:08:15 [DEBUG] found available version "0.0.7" for dcos-terraform/compute-firewall/gcp
2019/09/03 07:08:15 [DEBUG] found available version "0.0.9" for dcos-terraform/compute-firewall/gcp
2019/09/03 07:08:15 [DEBUG] found available version "0.0.8" for dcos-terraform/compute-firewall/gcp
2019/09/03 07:08:15 [DEBUG] found available version "0.0.6" for dcos-terraform/compute-firewall/gcp
2019/09/03 07:08:15 [DEBUG] found available version "0.0.4" for dcos-terraform/compute-firewall/gcp
2019/09/03 07:08:15 [DEBUG] found available version "0.0.12" for dcos-terraform/compute-firewall/gcp
2019/09/03 07:08:15 [DEBUG] found available version "0.0.14" for dcos-terraform/compute-firewall/gcp
2019/09/03 07:08:15 [DEBUG] found available version "0.0.17" for dcos-terraform/compute-firewall/gcp
2019/09/03 07:08:15 [DEBUG] found available version "0.0.13" for dcos-terraform/compute-firewall/gcp
2019/09/03 07:08:15 [DEBUG] found available version "0.0.15" for dcos-terraform/compute-firewall/gcp
2019/09/03 07:08:15 [DEBUG] found available version "0.0.20" for dcos-terraform/compute-firewall/gcp
2019/09/03 07:08:15 [DEBUG] found available version "0.1.1" for dcos-terraform/compute-firewall/gcp
2019/09/03 07:08:15 [DEBUG] found available version "0.2.0" for dcos-terraform/compute-firewall/gcp
2019/09/03 07:08:15 [DEBUG] found available version "0.1.0" for dcos-terraform/compute-firewall/gcp
2019/09/03 07:08:15 [DEBUG] looking up module location from "https://registry.terraform.io/v1/modules/dcos-terraform/compute-firewall/gcp/0.2.0/download"
2019/09/03 07:08:15 [DEBUG] found "https://api.github.com/repos/dcos-terraform/terraform-gcp-compute-firewall/tarball/0.2.0?archive=tar.gz" in ".terraform/modules/d5fe3da1beac22153e2d12c67a35090a": true
2019/09/03 07:08:15 [TRACE] "https://api.github.com/repos/dcos-terraform/terraform-gcp-compute-firewall/tarball/0.2.0?archive=tar.gz" stored in ".terraform/modules/d5fe3da1beac22153e2d12c67a35090a"
2019/09/03 07:08:15 [INFO] no matching version for "dcos-terraform/compute-forwarding-rule-dcos/gcp"<~> 0.2.0>, no versions found
2019/09/03 07:08:15 [DEBUG] matched "dcos-terraform/compute-forwarding-rule-dcos/gcp" version  for ~> 0.2.0
2019/09/03 07:08:15 [DEBUG] fetching module versions from "https://registry.terraform.io/v1/modules/dcos-terraform/compute-forwarding-rule-dcos/gcp/versions"
2019/09/03 07:08:15 [DEBUG] found available version "0.2.0" for dcos-terraform/compute-forwarding-rule-dcos/gcp
2019/09/03 07:08:15 [DEBUG] found available version "0.1.1" for dcos-terraform/compute-forwarding-rule-dcos/gcp
2019/09/03 07:08:15 [DEBUG] found available version "0.1.0" for dcos-terraform/compute-forwarding-rule-dcos/gcp
2019/09/03 07:08:15 [DEBUG] found available version "0.0.9" for dcos-terraform/compute-forwarding-rule-dcos/gcp
2019/09/03 07:08:15 [DEBUG] found available version "0.0.8" for dcos-terraform/compute-forwarding-rule-dcos/gcp
2019/09/03 07:08:15 [DEBUG] found available version "0.0.7" for dcos-terraform/compute-forwarding-rule-dcos/gcp
2019/09/03 07:08:15 [DEBUG] found available version "0.0.6" for dcos-terraform/compute-forwarding-rule-dcos/gcp
2019/09/03 07:08:15 [DEBUG] found available version "0.0.5" for dcos-terraform/compute-forwarding-rule-dcos/gcp
2019/09/03 07:08:15 [DEBUG] found available version "0.0.4" for dcos-terraform/compute-forwarding-rule-dcos/gcp
2019/09/03 07:08:15 [DEBUG] found available version "0.0.3" for dcos-terraform/compute-forwarding-rule-dcos/gcp
2019/09/03 07:08:15 [DEBUG] found available version "0.0.2" for dcos-terraform/compute-forwarding-rule-dcos/gcp
2019/09/03 07:08:15 [DEBUG] found available version "0.0.1" for dcos-terraform/compute-forwarding-rule-dcos/gcp
2019/09/03 07:08:15 [DEBUG] looking up module location from "https://registry.terraform.io/v1/modules/dcos-terraform/compute-forwarding-rule-dcos/gcp/0.2.0/download"
2019/09/03 07:08:16 [DEBUG] found "https://api.github.com/repos/dcos-terraform/terraform-gcp-compute-forwarding-rule-dcos/tarball/0.2.0?archive=tar.gz" in ".terraform/modules/7276ec08015af27652798d26d1eeaafd": true
2019/09/03 07:08:16 [TRACE] "https://api.github.com/repos/dcos-terraform/terraform-gcp-compute-forwarding-rule-dcos/tarball/0.2.0?archive=tar.gz" stored in ".terraform/modules/7276ec08015af27652798d26d1eeaafd"
2019/09/03 07:08:16 [INFO] no matching version for "dcos-terraform/bootstrap/gcp"<~> 0.2.0>, no versions found
2019/09/03 07:08:16 [DEBUG] matched "dcos-terraform/bootstrap/gcp" version  for ~> 0.2.0
2019/09/03 07:08:16 [DEBUG] fetching module versions from "https://registry.terraform.io/v1/modules/dcos-terraform/bootstrap/gcp/versions"
2019/09/03 07:08:16 [DEBUG] found available version "0.2.0" for dcos-terraform/bootstrap/gcp
2019/09/03 07:08:16 [DEBUG] found available version "0.1.0" for dcos-terraform/bootstrap/gcp
2019/09/03 07:08:16 [DEBUG] found available version "0.0.15" for dcos-terraform/bootstrap/gcp
2019/09/03 07:08:16 [DEBUG] found available version "0.0.14" for dcos-terraform/bootstrap/gcp
2019/09/03 07:08:16 [DEBUG] found available version "0.0.13" for dcos-terraform/bootstrap/gcp
2019/09/03 07:08:16 [DEBUG] found available version "0.0.12" for dcos-terraform/bootstrap/gcp
2019/09/03 07:08:16 [DEBUG] found available version "0.0.11" for dcos-terraform/bootstrap/gcp
2019/09/03 07:08:16 [DEBUG] found available version "0.0.10" for dcos-terraform/bootstrap/gcp
2019/09/03 07:08:16 [DEBUG] found available version "0.0.9" for dcos-terraform/bootstrap/gcp
2019/09/03 07:08:16 [DEBUG] found available version "0.0.8" for dcos-terraform/bootstrap/gcp
2019/09/03 07:08:16 [DEBUG] found available version "0.0.7" for dcos-terraform/bootstrap/gcp
2019/09/03 07:08:16 [DEBUG] found available version "0.0.6" for dcos-terraform/bootstrap/gcp
2019/09/03 07:08:16 [DEBUG] found available version "0.0.5" for dcos-terraform/bootstrap/gcp
2019/09/03 07:08:16 [DEBUG] found available version "0.0.4" for dcos-terraform/bootstrap/gcp
2019/09/03 07:08:16 [DEBUG] found available version "0.0.3" for dcos-terraform/bootstrap/gcp
2019/09/03 07:08:16 [DEBUG] found available version "0.0.2" for dcos-terraform/bootstrap/gcp
2019/09/03 07:08:16 [DEBUG] found available version "0.0.1" for dcos-terraform/bootstrap/gcp
2019/09/03 07:08:16 [DEBUG] found available version "0.0.0" for dcos-terraform/bootstrap/gcp
2019/09/03 07:08:16 [DEBUG] looking up module location from "https://registry.terraform.io/v1/modules/dcos-terraform/bootstrap/gcp/0.2.0/download"
2019/09/03 07:08:16 [DEBUG] found "https://api.github.com/repos/dcos-terraform/terraform-gcp-bootstrap/tarball/0.2.0?archive=tar.gz" in ".terraform/modules/7afa28a1362ef037d82be07dd3a5ad1c": true
2019/09/03 07:08:16 [TRACE] "https://api.github.com/repos/dcos-terraform/terraform-gcp-bootstrap/tarball/0.2.0?archive=tar.gz" stored in ".terraform/modules/7afa28a1362ef037d82be07dd3a5ad1c"
2019/09/03 07:08:16 [INFO] no matching version for "dcos-terraform/masters/gcp"<~> 0.2.0>, no versions found
2019/09/03 07:08:16 [DEBUG] matched "dcos-terraform/masters/gcp" version  for ~> 0.2.0
2019/09/03 07:08:16 [DEBUG] fetching module versions from "https://registry.terraform.io/v1/modules/dcos-terraform/masters/gcp/versions"
2019/09/03 07:08:16 [DEBUG] found available version "0.0.13" for dcos-terraform/masters/gcp
2019/09/03 07:08:16 [DEBUG] found available version "0.0.7" for dcos-terraform/masters/gcp
2019/09/03 07:08:16 [DEBUG] found available version "0.0.3" for dcos-terraform/masters/gcp
2019/09/03 07:08:16 [DEBUG] found available version "0.0.12" for dcos-terraform/masters/gcp
2019/09/03 07:08:16 [DEBUG] found available version "0.0.0" for dcos-terraform/masters/gcp
2019/09/03 07:08:16 [DEBUG] found available version "0.0.1" for dcos-terraform/masters/gcp
2019/09/03 07:08:16 [DEBUG] found available version "0.0.8" for dcos-terraform/masters/gcp
2019/09/03 07:08:16 [DEBUG] found available version "0.0.11" for dcos-terraform/masters/gcp
2019/09/03 07:08:16 [DEBUG] found available version "0.0.5" for dcos-terraform/masters/gcp
2019/09/03 07:08:16 [DEBUG] found available version "0.0.4" for dcos-terraform/masters/gcp
2019/09/03 07:08:16 [DEBUG] found available version "0.0.6" for dcos-terraform/masters/gcp
2019/09/03 07:08:16 [DEBUG] found available version "0.0.2" for dcos-terraform/masters/gcp
2019/09/03 07:08:16 [DEBUG] found available version "0.0.9" for dcos-terraform/masters/gcp
2019/09/03 07:08:16 [DEBUG] found available version "0.0.10" for dcos-terraform/masters/gcp
2019/09/03 07:08:16 [DEBUG] found available version "0.0.17" for dcos-terraform/masters/gcp
2019/09/03 07:08:16 [DEBUG] found available version "0.0.15" for dcos-terraform/masters/gcp
2019/09/03 07:08:16 [DEBUG] found available version "0.0.14" for dcos-terraform/masters/gcp
2019/09/03 07:08:16 [DEBUG] found available version "0.0.18" for dcos-terraform/masters/gcp
2019/09/03 07:08:16 [DEBUG] found available version "0.0.16" for dcos-terraform/masters/gcp
2019/09/03 07:08:16 [DEBUG] found available version "0.0.19" for dcos-terraform/masters/gcp
2019/09/03 07:08:16 [DEBUG] found available version "0.2.0" for dcos-terraform/masters/gcp
2019/09/03 07:08:16 [DEBUG] found available version "0.1.0" for dcos-terraform/masters/gcp
2019/09/03 07:08:16 [DEBUG] looking up module location from "https://registry.terraform.io/v1/modules/dcos-terraform/masters/gcp/0.2.0/download"
2019/09/03 07:08:16 [DEBUG] found "https://api.github.com/repos/dcos-terraform/terraform-gcp-masters/tarball/0.2.0?archive=tar.gz" in ".terraform/modules/540f2de6dd1fa45a82c260d37f7259c2": true
2019/09/03 07:08:16 [TRACE] "https://api.github.com/repos/dcos-terraform/terraform-gcp-masters/tarball/0.2.0?archive=tar.gz" stored in ".terraform/modules/540f2de6dd1fa45a82c260d37f7259c2"
2019/09/03 07:08:16 [INFO] no matching version for "dcos-terraform/private-agents/gcp"<~> 0.2.0>, no versions found
2019/09/03 07:08:16 [DEBUG] matched "dcos-terraform/private-agents/gcp" version  for ~> 0.2.0
2019/09/03 07:08:16 [DEBUG] fetching module versions from "https://registry.terraform.io/v1/modules/dcos-terraform/private-agents/gcp/versions"
2019/09/03 07:08:17 [DEBUG] found available version "0.2.0" for dcos-terraform/private-agents/gcp
2019/09/03 07:08:17 [DEBUG] found available version "0.1.0" for dcos-terraform/private-agents/gcp
2019/09/03 07:08:17 [DEBUG] found available version "0.0.18" for dcos-terraform/private-agents/gcp
2019/09/03 07:08:17 [DEBUG] found available version "0.0.17" for dcos-terraform/private-agents/gcp
2019/09/03 07:08:17 [DEBUG] found available version "0.0.8" for dcos-terraform/private-agents/gcp
2019/09/03 07:08:17 [DEBUG] found available version "0.0.16" for dcos-terraform/private-agents/gcp
2019/09/03 07:08:17 [DEBUG] found available version "0.0.15" for dcos-terraform/private-agents/gcp
2019/09/03 07:08:17 [DEBUG] found available version "0.0.14" for dcos-terraform/private-agents/gcp
2019/09/03 07:08:17 [DEBUG] found available version "0.0.13" for dcos-terraform/private-agents/gcp
2019/09/03 07:08:17 [DEBUG] found available version "0.0.12" for dcos-terraform/private-agents/gcp
2019/09/03 07:08:17 [DEBUG] found available version "0.0.11" for dcos-terraform/private-agents/gcp
2019/09/03 07:08:17 [DEBUG] found available version "0.0.10" for dcos-terraform/private-agents/gcp
2019/09/03 07:08:17 [DEBUG] found available version "0.0.9" for dcos-terraform/private-agents/gcp
2019/09/03 07:08:17 [DEBUG] found available version "0.0.7" for dcos-terraform/private-agents/gcp
2019/09/03 07:08:17 [DEBUG] found available version "0.0.6" for dcos-terraform/private-agents/gcp
2019/09/03 07:08:17 [DEBUG] found available version "0.0.5" for dcos-terraform/private-agents/gcp
2019/09/03 07:08:17 [DEBUG] found available version "0.0.4" for dcos-terraform/private-agents/gcp
2019/09/03 07:08:17 [DEBUG] found available version "0.0.3" for dcos-terraform/private-agents/gcp
2019/09/03 07:08:17 [DEBUG] found available version "0.0.2" for dcos-terraform/private-agents/gcp
2019/09/03 07:08:17 [DEBUG] found available version "0.0.1" for dcos-terraform/private-agents/gcp
2019/09/03 07:08:17 [DEBUG] found available version "0.0.0" for dcos-terraform/private-agents/gcp
2019/09/03 07:08:17 [DEBUG] looking up module location from "https://registry.terraform.io/v1/modules/dcos-terraform/private-agents/gcp/0.2.0/download"
2019/09/03 07:08:17 [DEBUG] found "https://api.github.com/repos/dcos-terraform/terraform-gcp-private-agents/tarball/0.2.0?archive=tar.gz" in ".terraform/modules/fc37646fecf0ec2be5a148208c550b96": true
2019/09/03 07:08:17 [TRACE] "https://api.github.com/repos/dcos-terraform/terraform-gcp-private-agents/tarball/0.2.0?archive=tar.gz" stored in ".terraform/modules/fc37646fecf0ec2be5a148208c550b96"
2019/09/03 07:08:17 [INFO] no matching version for "dcos-terraform/public-agents/gcp"<~> 0.2.0>, no versions found
2019/09/03 07:08:17 [DEBUG] matched "dcos-terraform/public-agents/gcp" version  for ~> 0.2.0
2019/09/03 07:08:17 [DEBUG] fetching module versions from "https://registry.terraform.io/v1/modules/dcos-terraform/public-agents/gcp/versions"
2019/09/03 07:08:17 [DEBUG] found available version "0.0.11" for dcos-terraform/public-agents/gcp
2019/09/03 07:08:17 [DEBUG] found available version "0.0.12" for dcos-terraform/public-agents/gcp
2019/09/03 07:08:17 [DEBUG] found available version "0.0.20" for dcos-terraform/public-agents/gcp
2019/09/03 07:08:17 [DEBUG] found available version "0.0.3" for dcos-terraform/public-agents/gcp
2019/09/03 07:08:17 [DEBUG] found available version "0.2.0" for dcos-terraform/public-agents/gcp
2019/09/03 07:08:17 [DEBUG] found available version "0.0.8" for dcos-terraform/public-agents/gcp
2019/09/03 07:08:17 [DEBUG] found available version "0.0.2" for dcos-terraform/public-agents/gcp
2019/09/03 07:08:17 [DEBUG] found available version "0.0.4" for dcos-terraform/public-agents/gcp
2019/09/03 07:08:17 [DEBUG] found available version "0.0.0" for dcos-terraform/public-agents/gcp
2019/09/03 07:08:17 [DEBUG] found available version "0.0.1" for dcos-terraform/public-agents/gcp
2019/09/03 07:08:17 [DEBUG] found available version "0.0.21" for dcos-terraform/public-agents/gcp
2019/09/03 07:08:17 [DEBUG] found available version "0.0.9" for dcos-terraform/public-agents/gcp
2019/09/03 07:08:17 [DEBUG] found available version "0.0.18" for dcos-terraform/public-agents/gcp
2019/09/03 07:08:17 [DEBUG] found available version "0.0.15" for dcos-terraform/public-agents/gcp
2019/09/03 07:08:17 [DEBUG] found available version "0.0.6" for dcos-terraform/public-agents/gcp
2019/09/03 07:08:17 [DEBUG] found available version "0.0.10" for dcos-terraform/public-agents/gcp
2019/09/03 07:08:17 [DEBUG] found available version "0.0.5" for dcos-terraform/public-agents/gcp
2019/09/03 07:08:17 [DEBUG] found available version "0.0.7" for dcos-terraform/public-agents/gcp
2019/09/03 07:08:17 [DEBUG] found available version "0.0.16" for dcos-terraform/public-agents/gcp
2019/09/03 07:08:17 [DEBUG] found available version "0.0.19" for dcos-terraform/public-agents/gcp
2019/09/03 07:08:17 [DEBUG] found available version "0.0.14" for dcos-terraform/public-agents/gcp
2019/09/03 07:08:17 [DEBUG] found available version "0.0.13" for dcos-terraform/public-agents/gcp
2019/09/03 07:08:17 [DEBUG] found available version "0.0.17" for dcos-terraform/public-agents/gcp
2019/09/03 07:08:17 [DEBUG] found available version "0.1.1" for dcos-terraform/public-agents/gcp
2019/09/03 07:08:17 [DEBUG] found available version "0.1.0" for dcos-terraform/public-agents/gcp
2019/09/03 07:08:17 [DEBUG] looking up module location from "https://registry.terraform.io/v1/modules/dcos-terraform/public-agents/gcp/0.2.0/download"
2019/09/03 07:08:17 [DEBUG] found "https://api.github.com/repos/dcos-terraform/terraform-gcp-public-agents/tarball/0.2.0?archive=tar.gz" in ".terraform/modules/c5d4d3a68441c529e95ed2a8e2bda1a4": true
2019/09/03 07:08:17 [TRACE] "https://api.github.com/repos/dcos-terraform/terraform-gcp-public-agents/tarball/0.2.0?archive=tar.gz" stored in ".terraform/modules/c5d4d3a68441c529e95ed2a8e2bda1a4"
2019/09/03 07:08:17 [INFO] no matching version for "dcos-terraform/instance/gcp"<~> 0.2.0>, no versions found
2019/09/03 07:08:17 [DEBUG] matched "dcos-terraform/instance/gcp" version  for ~> 0.2.0
2019/09/03 07:08:17 [DEBUG] fetching module versions from "https://registry.terraform.io/v1/modules/dcos-terraform/instance/gcp/versions"
2019/09/03 07:08:17 [DEBUG] found available version "0.0.7" for dcos-terraform/instance/gcp
2019/09/03 07:08:17 [DEBUG] found available version "0.0.2" for dcos-terraform/instance/gcp
2019/09/03 07:08:17 [DEBUG] found available version "0.0.18" for dcos-terraform/instance/gcp
2019/09/03 07:08:17 [DEBUG] found available version "0.0.8" for dcos-terraform/instance/gcp
2019/09/03 07:08:17 [DEBUG] found available version "0.0.0" for dcos-terraform/instance/gcp
2019/09/03 07:08:17 [DEBUG] found available version "0.0.4" for dcos-terraform/instance/gcp
2019/09/03 07:08:17 [DEBUG] found available version "0.0.20" for dcos-terraform/instance/gcp
2019/09/03 07:08:17 [DEBUG] found available version "0.0.3" for dcos-terraform/instance/gcp
2019/09/03 07:08:17 [DEBUG] found available version "0.0.1" for dcos-terraform/instance/gcp
2019/09/03 07:08:17 [DEBUG] found available version "0.0.5" for dcos-terraform/instance/gcp
2019/09/03 07:08:17 [DEBUG] found available version "0.0.14" for dcos-terraform/instance/gcp
2019/09/03 07:08:17 [DEBUG] found available version "0.0.17" for dcos-terraform/instance/gcp
2019/09/03 07:08:17 [DEBUG] found available version "0.0.10" for dcos-terraform/instance/gcp
2019/09/03 07:08:17 [DEBUG] found available version "0.0.6" for dcos-terraform/instance/gcp
2019/09/03 07:08:17 [DEBUG] found available version "0.0.12" for dcos-terraform/instance/gcp
2019/09/03 07:08:17 [DEBUG] found available version "0.0.9" for dcos-terraform/instance/gcp
2019/09/03 07:08:17 [DEBUG] found available version "0.0.11" for dcos-terraform/instance/gcp
2019/09/03 07:08:17 [DEBUG] found available version "0.0.15" for dcos-terraform/instance/gcp
2019/09/03 07:08:17 [DEBUG] found available version "0.0.16" for dcos-terraform/instance/gcp
2019/09/03 07:08:17 [DEBUG] found available version "0.0.13" for dcos-terraform/instance/gcp
2019/09/03 07:08:17 [DEBUG] found available version "0.1.0" for dcos-terraform/instance/gcp
2019/09/03 07:08:17 [DEBUG] found available version "0.0.19" for dcos-terraform/instance/gcp
2019/09/03 07:08:17 [DEBUG] found available version "0.2.0" for dcos-terraform/instance/gcp
2019/09/03 07:08:17 [DEBUG] found available version "0.1.1" for dcos-terraform/instance/gcp
2019/09/03 07:08:17 [DEBUG] looking up module location from "https://registry.terraform.io/v1/modules/dcos-terraform/instance/gcp/0.2.0/download"
2019/09/03 07:08:18 [DEBUG] found "https://api.github.com/repos/dcos-terraform/terraform-gcp-instance/tarball/0.2.0?archive=tar.gz" in ".terraform/modules/92f206951f4e84fcd0849e38b6a24ddd": true
2019/09/03 07:08:18 [TRACE] "https://api.github.com/repos/dcos-terraform/terraform-gcp-instance/tarball/0.2.0?archive=tar.gz" stored in ".terraform/modules/92f206951f4e84fcd0849e38b6a24ddd"
2019/09/03 07:08:18 [INFO] no matching version for "dcos-terraform/tested-oses/gcp"<~> 0.2.0>, no versions found
2019/09/03 07:08:18 [DEBUG] matched "dcos-terraform/tested-oses/gcp" version  for ~> 0.2.0
2019/09/03 07:08:18 [DEBUG] fetching module versions from "https://registry.terraform.io/v1/modules/dcos-terraform/tested-oses/gcp/versions"
2019/09/03 07:08:18 [DEBUG] found available version "0.2.0" for dcos-terraform/tested-oses/gcp
2019/09/03 07:08:18 [DEBUG] found available version "0.1.3" for dcos-terraform/tested-oses/gcp
2019/09/03 07:08:18 [DEBUG] found available version "0.1.2" for dcos-terraform/tested-oses/gcp
2019/09/03 07:08:18 [DEBUG] found available version "0.1.1" for dcos-terraform/tested-oses/gcp
2019/09/03 07:08:18 [DEBUG] found available version "0.1.0" for dcos-terraform/tested-oses/gcp
2019/09/03 07:08:18 [DEBUG] found available version "0.0.8" for dcos-terraform/tested-oses/gcp
2019/09/03 07:08:18 [DEBUG] found available version "0.0.7" for dcos-terraform/tested-oses/gcp
2019/09/03 07:08:18 [DEBUG] found available version "0.0.1" for dcos-terraform/tested-oses/gcp
2019/09/03 07:08:18 [DEBUG] found available version "0.0.2" for dcos-terraform/tested-oses/gcp
2019/09/03 07:08:18 [DEBUG] found available version "0.0.4" for dcos-terraform/tested-oses/gcp
2019/09/03 07:08:18 [DEBUG] found available version "0.0.3" for dcos-terraform/tested-oses/gcp
2019/09/03 07:08:18 [DEBUG] found available version "0.0.6" for dcos-terraform/tested-oses/gcp
2019/09/03 07:08:18 [DEBUG] found available version "0.0.5" for dcos-terraform/tested-oses/gcp
2019/09/03 07:08:18 [DEBUG] looking up module location from "https://registry.terraform.io/v1/modules/dcos-terraform/tested-oses/gcp/0.2.0/download"
2019/09/03 07:08:18 [DEBUG] found "https://api.github.com/repos/dcos-terraform/terraform-gcp-tested-oses/tarball/0.2.0?archive=tar.gz" in ".terraform/modules/f49d85cb69dd0b036a8bc35d1c32a874": true
2019/09/03 07:08:18 [TRACE] "https://api.github.com/repos/dcos-terraform/terraform-gcp-tested-oses/tarball/0.2.0?archive=tar.gz" stored in ".terraform/modules/f49d85cb69dd0b036a8bc35d1c32a874"
2019/09/03 07:08:18 [DEBUG] found local version "0.2.0" for module dcos-terraform/instance/gcp
2019/09/03 07:08:18 [DEBUG] matched "dcos-terraform/instance/gcp" version 0.2.0 for ~> 0.2.0
2019/09/03 07:08:18 [DEBUG] fetching module versions from "https://registry.terraform.io/v1/modules/dcos-terraform/instance/gcp/versions"
2019/09/03 07:08:18 [DEBUG] found available version "0.0.7" for dcos-terraform/instance/gcp
2019/09/03 07:08:18 [DEBUG] found available version "0.0.2" for dcos-terraform/instance/gcp
2019/09/03 07:08:18 [DEBUG] found available version "0.0.18" for dcos-terraform/instance/gcp
2019/09/03 07:08:18 [DEBUG] found available version "0.0.8" for dcos-terraform/instance/gcp
2019/09/03 07:08:18 [DEBUG] found available version "0.0.0" for dcos-terraform/instance/gcp
2019/09/03 07:08:18 [DEBUG] found available version "0.0.4" for dcos-terraform/instance/gcp
2019/09/03 07:08:18 [DEBUG] found available version "0.0.20" for dcos-terraform/instance/gcp
2019/09/03 07:08:18 [DEBUG] found available version "0.0.3" for dcos-terraform/instance/gcp
2019/09/03 07:08:18 [DEBUG] found available version "0.0.1" for dcos-terraform/instance/gcp
2019/09/03 07:08:18 [DEBUG] found available version "0.0.5" for dcos-terraform/instance/gcp
2019/09/03 07:08:18 [DEBUG] found available version "0.0.14" for dcos-terraform/instance/gcp
2019/09/03 07:08:18 [DEBUG] found available version "0.0.17" for dcos-terraform/instance/gcp
2019/09/03 07:08:18 [DEBUG] found available version "0.0.10" for dcos-terraform/instance/gcp
2019/09/03 07:08:18 [DEBUG] found available version "0.0.6" for dcos-terraform/instance/gcp
2019/09/03 07:08:18 [DEBUG] found available version "0.0.12" for dcos-terraform/instance/gcp
2019/09/03 07:08:18 [DEBUG] found available version "0.0.9" for dcos-terraform/instance/gcp
2019/09/03 07:08:18 [DEBUG] found available version "0.0.11" for dcos-terraform/instance/gcp
2019/09/03 07:08:18 [DEBUG] found available version "0.0.15" for dcos-terraform/instance/gcp
2019/09/03 07:08:18 [DEBUG] found available version "0.0.16" for dcos-terraform/instance/gcp
2019/09/03 07:08:18 [DEBUG] found available version "0.0.13" for dcos-terraform/instance/gcp
2019/09/03 07:08:18 [DEBUG] found available version "0.1.0" for dcos-terraform/instance/gcp
2019/09/03 07:08:18 [DEBUG] found available version "0.0.19" for dcos-terraform/instance/gcp
2019/09/03 07:08:18 [DEBUG] found available version "0.2.0" for dcos-terraform/instance/gcp
2019/09/03 07:08:18 [DEBUG] found available version "0.1.1" for dcos-terraform/instance/gcp
2019/09/03 07:08:18 [DEBUG] looking up module location from "https://registry.terraform.io/v1/modules/dcos-terraform/instance/gcp/0.2.0/download"
2019/09/03 07:08:18 [DEBUG] found "https://api.github.com/repos/dcos-terraform/terraform-gcp-instance/tarball/0.2.0?archive=tar.gz" in ".terraform/modules/a65b8bf8c1d37c50e0e9c4485d5b97f8": true
2019/09/03 07:08:18 [TRACE] "https://api.github.com/repos/dcos-terraform/terraform-gcp-instance/tarball/0.2.0?archive=tar.gz" stored in ".terraform/modules/a65b8bf8c1d37c50e0e9c4485d5b97f8"
2019/09/03 07:08:18 [DEBUG] found local version "0.2.0" for module dcos-terraform/tested-oses/gcp
2019/09/03 07:08:18 [DEBUG] matched "dcos-terraform/tested-oses/gcp" version 0.2.0 for ~> 0.2.0
2019/09/03 07:08:18 [DEBUG] fetching module versions from "https://registry.terraform.io/v1/modules/dcos-terraform/tested-oses/gcp/versions"
2019/09/03 07:08:18 [DEBUG] found available version "0.2.0" for dcos-terraform/tested-oses/gcp
2019/09/03 07:08:18 [DEBUG] found available version "0.1.3" for dcos-terraform/tested-oses/gcp
2019/09/03 07:08:18 [DEBUG] found available version "0.1.2" for dcos-terraform/tested-oses/gcp
2019/09/03 07:08:18 [DEBUG] found available version "0.1.1" for dcos-terraform/tested-oses/gcp
2019/09/03 07:08:18 [DEBUG] found available version "0.1.0" for dcos-terraform/tested-oses/gcp
2019/09/03 07:08:18 [DEBUG] found available version "0.0.8" for dcos-terraform/tested-oses/gcp
2019/09/03 07:08:18 [DEBUG] found available version "0.0.7" for dcos-terraform/tested-oses/gcp
2019/09/03 07:08:18 [DEBUG] found available version "0.0.1" for dcos-terraform/tested-oses/gcp
2019/09/03 07:08:18 [DEBUG] found available version "0.0.2" for dcos-terraform/tested-oses/gcp
2019/09/03 07:08:18 [DEBUG] found available version "0.0.4" for dcos-terraform/tested-oses/gcp
2019/09/03 07:08:18 [DEBUG] found available version "0.0.3" for dcos-terraform/tested-oses/gcp
2019/09/03 07:08:18 [DEBUG] found available version "0.0.6" for dcos-terraform/tested-oses/gcp
2019/09/03 07:08:18 [DEBUG] found available version "0.0.5" for dcos-terraform/tested-oses/gcp
2019/09/03 07:08:18 [DEBUG] looking up module location from "https://registry.terraform.io/v1/modules/dcos-terraform/tested-oses/gcp/0.2.0/download"
2019/09/03 07:08:18 [DEBUG] found "https://api.github.com/repos/dcos-terraform/terraform-gcp-tested-oses/tarball/0.2.0?archive=tar.gz" in ".terraform/modules/7148d636f7dd437a0e53e2f98ab9dfb1": true
2019/09/03 07:08:18 [TRACE] "https://api.github.com/repos/dcos-terraform/terraform-gcp-tested-oses/tarball/0.2.0?archive=tar.gz" stored in ".terraform/modules/7148d636f7dd437a0e53e2f98ab9dfb1"
2019/09/03 07:08:18 [DEBUG] found local version "0.2.0" for module dcos-terraform/instance/gcp
2019/09/03 07:08:18 [DEBUG] found local version "0.2.0" for module dcos-terraform/instance/gcp
2019/09/03 07:08:18 [DEBUG] matched "dcos-terraform/instance/gcp" version 0.2.0 for ~> 0.2.0
2019/09/03 07:08:18 [DEBUG] fetching module versions from "https://registry.terraform.io/v1/modules/dcos-terraform/instance/gcp/versions"
2019/09/03 07:08:18 [DEBUG] found available version "0.0.7" for dcos-terraform/instance/gcp
2019/09/03 07:08:18 [DEBUG] found available version "0.0.2" for dcos-terraform/instance/gcp
2019/09/03 07:08:18 [DEBUG] found available version "0.0.18" for dcos-terraform/instance/gcp
2019/09/03 07:08:18 [DEBUG] found available version "0.0.8" for dcos-terraform/instance/gcp
2019/09/03 07:08:18 [DEBUG] found available version "0.0.0" for dcos-terraform/instance/gcp
2019/09/03 07:08:18 [DEBUG] found available version "0.0.4" for dcos-terraform/instance/gcp
2019/09/03 07:08:18 [DEBUG] found available version "0.0.20" for dcos-terraform/instance/gcp
2019/09/03 07:08:18 [DEBUG] found available version "0.0.3" for dcos-terraform/instance/gcp
2019/09/03 07:08:18 [DEBUG] found available version "0.0.1" for dcos-terraform/instance/gcp
2019/09/03 07:08:18 [DEBUG] found available version "0.0.5" for dcos-terraform/instance/gcp
2019/09/03 07:08:18 [DEBUG] found available version "0.0.14" for dcos-terraform/instance/gcp
2019/09/03 07:08:18 [DEBUG] found available version "0.0.17" for dcos-terraform/instance/gcp
2019/09/03 07:08:18 [DEBUG] found available version "0.0.10" for dcos-terraform/instance/gcp
2019/09/03 07:08:18 [DEBUG] found available version "0.0.6" for dcos-terraform/instance/gcp
2019/09/03 07:08:18 [DEBUG] found available version "0.0.12" for dcos-terraform/instance/gcp
2019/09/03 07:08:18 [DEBUG] found available version "0.0.9" for dcos-terraform/instance/gcp
2019/09/03 07:08:18 [DEBUG] found available version "0.0.11" for dcos-terraform/instance/gcp
2019/09/03 07:08:18 [DEBUG] found available version "0.0.15" for dcos-terraform/instance/gcp
2019/09/03 07:08:18 [DEBUG] found available version "0.0.16" for dcos-terraform/instance/gcp
2019/09/03 07:08:18 [DEBUG] found available version "0.0.13" for dcos-terraform/instance/gcp
2019/09/03 07:08:18 [DEBUG] found available version "0.1.0" for dcos-terraform/instance/gcp
2019/09/03 07:08:18 [DEBUG] found available version "0.0.19" for dcos-terraform/instance/gcp
2019/09/03 07:08:18 [DEBUG] found available version "0.2.0" for dcos-terraform/instance/gcp
2019/09/03 07:08:18 [DEBUG] found available version "0.1.1" for dcos-terraform/instance/gcp
2019/09/03 07:08:18 [DEBUG] looking up module location from "https://registry.terraform.io/v1/modules/dcos-terraform/instance/gcp/0.2.0/download"
2019/09/03 07:08:18 [DEBUG] found "https://api.github.com/repos/dcos-terraform/terraform-gcp-instance/tarball/0.2.0?archive=tar.gz" in ".terraform/modules/fee06bf1f4d8bda893b1fe4e1659ebcb": true
2019/09/03 07:08:18 [TRACE] "https://api.github.com/repos/dcos-terraform/terraform-gcp-instance/tarball/0.2.0?archive=tar.gz" stored in ".terraform/modules/fee06bf1f4d8bda893b1fe4e1659ebcb"
2019/09/03 07:08:18 [DEBUG] found local version "0.2.0" for module dcos-terraform/tested-oses/gcp
2019/09/03 07:08:18 [DEBUG] found local version "0.2.0" for module dcos-terraform/tested-oses/gcp
2019/09/03 07:08:18 [DEBUG] matched "dcos-terraform/tested-oses/gcp" version 0.2.0 for ~> 0.2.0
2019/09/03 07:08:18 [DEBUG] fetching module versions from "https://registry.terraform.io/v1/modules/dcos-terraform/tested-oses/gcp/versions"
2019/09/03 07:08:18 [DEBUG] found available version "0.2.0" for dcos-terraform/tested-oses/gcp
2019/09/03 07:08:18 [DEBUG] found available version "0.1.3" for dcos-terraform/tested-oses/gcp
2019/09/03 07:08:18 [DEBUG] found available version "0.1.2" for dcos-terraform/tested-oses/gcp
2019/09/03 07:08:18 [DEBUG] found available version "0.1.1" for dcos-terraform/tested-oses/gcp
2019/09/03 07:08:18 [DEBUG] found available version "0.1.0" for dcos-terraform/tested-oses/gcp
2019/09/03 07:08:18 [DEBUG] found available version "0.0.8" for dcos-terraform/tested-oses/gcp
2019/09/03 07:08:18 [DEBUG] found available version "0.0.7" for dcos-terraform/tested-oses/gcp
2019/09/03 07:08:18 [DEBUG] found available version "0.0.1" for dcos-terraform/tested-oses/gcp
2019/09/03 07:08:18 [DEBUG] found available version "0.0.2" for dcos-terraform/tested-oses/gcp
2019/09/03 07:08:18 [DEBUG] found available version "0.0.4" for dcos-terraform/tested-oses/gcp
2019/09/03 07:08:18 [DEBUG] found available version "0.0.3" for dcos-terraform/tested-oses/gcp
2019/09/03 07:08:18 [DEBUG] found available version "0.0.6" for dcos-terraform/tested-oses/gcp
2019/09/03 07:08:18 [DEBUG] found available version "0.0.5" for dcos-terraform/tested-oses/gcp
2019/09/03 07:08:18 [DEBUG] looking up module location from "https://registry.terraform.io/v1/modules/dcos-terraform/tested-oses/gcp/0.2.0/download"
2019/09/03 07:08:18 [DEBUG] found "https://api.github.com/repos/dcos-terraform/terraform-gcp-tested-oses/tarball/0.2.0?archive=tar.gz" in ".terraform/modules/268ed24eb45f067a910a1e42fe2542ab": true
2019/09/03 07:08:18 [TRACE] "https://api.github.com/repos/dcos-terraform/terraform-gcp-tested-oses/tarball/0.2.0?archive=tar.gz" stored in ".terraform/modules/268ed24eb45f067a910a1e42fe2542ab"
2019/09/03 07:08:18 [INFO] no matching version for "dcos-terraform/compute-forwarding-rule-masters/gcp"<~> 0.2.0>, no versions found
2019/09/03 07:08:18 [DEBUG] matched "dcos-terraform/compute-forwarding-rule-masters/gcp" version  for ~> 0.2.0
2019/09/03 07:08:18 [DEBUG] fetching module versions from "https://registry.terraform.io/v1/modules/dcos-terraform/compute-forwarding-rule-masters/gcp/versions"
2019/09/03 07:08:19 [DEBUG] found available version "0.2.0" for dcos-terraform/compute-forwarding-rule-masters/gcp
2019/09/03 07:08:19 [DEBUG] found available version "0.1.0" for dcos-terraform/compute-forwarding-rule-masters/gcp
2019/09/03 07:08:19 [DEBUG] found available version "0.0.8" for dcos-terraform/compute-forwarding-rule-masters/gcp
2019/09/03 07:08:19 [DEBUG] found available version "0.0.7" for dcos-terraform/compute-forwarding-rule-masters/gcp
2019/09/03 07:08:19 [DEBUG] found available version "0.0.6" for dcos-terraform/compute-forwarding-rule-masters/gcp
2019/09/03 07:08:19 [DEBUG] found available version "0.0.5" for dcos-terraform/compute-forwarding-rule-masters/gcp
2019/09/03 07:08:19 [DEBUG] found available version "0.0.4" for dcos-terraform/compute-forwarding-rule-masters/gcp
2019/09/03 07:08:19 [DEBUG] found available version "0.0.3" for dcos-terraform/compute-forwarding-rule-masters/gcp
2019/09/03 07:08:19 [DEBUG] found available version "0.0.2" for dcos-terraform/compute-forwarding-rule-masters/gcp
2019/09/03 07:08:19 [DEBUG] found available version "0.0.1" for dcos-terraform/compute-forwarding-rule-masters/gcp
2019/09/03 07:08:19 [DEBUG] looking up module location from "https://registry.terraform.io/v1/modules/dcos-terraform/compute-forwarding-rule-masters/gcp/0.2.0/download"
2019/09/03 07:08:19 [DEBUG] found "https://api.github.com/repos/dcos-terraform/terraform-gcp-compute-forwarding-rule-masters/tarball/0.2.0?archive=tar.gz" in ".terraform/modules/8171beddb3891b5c2a343e94bc22e2d5": true
2019/09/03 07:08:19 [TRACE] "https://api.github.com/repos/dcos-terraform/terraform-gcp-compute-forwarding-rule-masters/tarball/0.2.0?archive=tar.gz" stored in ".terraform/modules/8171beddb3891b5c2a343e94bc22e2d5"
2019/09/03 07:08:19 [INFO] no matching version for "dcos-terraform/compute-forwarding-rule-public-agents/gcp"<~> 0.2.0>, no versions found
2019/09/03 07:08:19 [DEBUG] matched "dcos-terraform/compute-forwarding-rule-public-agents/gcp" version  for ~> 0.2.0
2019/09/03 07:08:19 [DEBUG] fetching module versions from "https://registry.terraform.io/v1/modules/dcos-terraform/compute-forwarding-rule-public-agents/gcp/versions"
2019/09/03 07:08:19 [DEBUG] found available version "0.2.0" for dcos-terraform/compute-forwarding-rule-public-agents/gcp
2019/09/03 07:08:19 [DEBUG] found available version "0.1.1" for dcos-terraform/compute-forwarding-rule-public-agents/gcp
2019/09/03 07:08:19 [DEBUG] found available version "0.1.0" for dcos-terraform/compute-forwarding-rule-public-agents/gcp
2019/09/03 07:08:19 [DEBUG] found available version "0.0.9" for dcos-terraform/compute-forwarding-rule-public-agents/gcp
2019/09/03 07:08:19 [DEBUG] found available version "0.0.8" for dcos-terraform/compute-forwarding-rule-public-agents/gcp
2019/09/03 07:08:19 [DEBUG] found available version "0.0.6" for dcos-terraform/compute-forwarding-rule-public-agents/gcp
2019/09/03 07:08:19 [DEBUG] found available version "0.0.7" for dcos-terraform/compute-forwarding-rule-public-agents/gcp
2019/09/03 07:08:19 [DEBUG] found available version "0.0.5" for dcos-terraform/compute-forwarding-rule-public-agents/gcp
2019/09/03 07:08:19 [DEBUG] found available version "0.0.4" for dcos-terraform/compute-forwarding-rule-public-agents/gcp
2019/09/03 07:08:19 [DEBUG] found available version "0.0.3" for dcos-terraform/compute-forwarding-rule-public-agents/gcp
2019/09/03 07:08:19 [DEBUG] found available version "0.0.2" for dcos-terraform/compute-forwarding-rule-public-agents/gcp
2019/09/03 07:08:19 [DEBUG] found available version "0.0.1" for dcos-terraform/compute-forwarding-rule-public-agents/gcp
2019/09/03 07:08:19 [DEBUG] looking up module location from "https://registry.terraform.io/v1/modules/dcos-terraform/compute-forwarding-rule-public-agents/gcp/0.2.0/download"
2019/09/03 07:08:19 [DEBUG] found "https://api.github.com/repos/dcos-terraform/terraform-gcp-compute-forwarding-rule-public-agents/tarball/0.2.0?archive=tar.gz" in ".terraform/modules/6dda040723d26f0f2d4826d181412fd4": true
2019/09/03 07:08:19 [TRACE] "https://api.github.com/repos/dcos-terraform/terraform-gcp-compute-forwarding-rule-public-agents/tarball/0.2.0?archive=tar.gz" stored in ".terraform/modules/6dda040723d26f0f2d4826d181412fd4"
2019/09/03 07:08:19 [INFO] no matching version for "dcos-terraform/compute-forwarding-rule/gcp"<~> 0.2.0>, no versions found
2019/09/03 07:08:19 [DEBUG] matched "dcos-terraform/compute-forwarding-rule/gcp" version  for ~> 0.2.0
2019/09/03 07:08:19 [DEBUG] fetching module versions from "https://registry.terraform.io/v1/modules/dcos-terraform/compute-forwarding-rule/gcp/versions"
2019/09/03 07:08:19 [DEBUG] found available version "0.2.1" for dcos-terraform/compute-forwarding-rule/gcp
2019/09/03 07:08:19 [DEBUG] found available version "0.1.1" for dcos-terraform/compute-forwarding-rule/gcp
2019/09/03 07:08:19 [DEBUG] found available version "0.2.0" for dcos-terraform/compute-forwarding-rule/gcp
2019/09/03 07:08:19 [DEBUG] found available version "0.1.0" for dcos-terraform/compute-forwarding-rule/gcp
2019/09/03 07:08:19 [DEBUG] found available version "0.0.11" for dcos-terraform/compute-forwarding-rule/gcp
2019/09/03 07:08:19 [DEBUG] found available version "0.0.10" for dcos-terraform/compute-forwarding-rule/gcp
2019/09/03 07:08:19 [DEBUG] found available version "0.0.9" for dcos-terraform/compute-forwarding-rule/gcp
2019/09/03 07:08:19 [DEBUG] found available version "0.0.8" for dcos-terraform/compute-forwarding-rule/gcp
2019/09/03 07:08:19 [DEBUG] found available version "0.0.7" for dcos-terraform/compute-forwarding-rule/gcp
2019/09/03 07:08:19 [DEBUG] found available version "0.0.6" for dcos-terraform/compute-forwarding-rule/gcp
2019/09/03 07:08:19 [DEBUG] found available version "0.0.5" for dcos-terraform/compute-forwarding-rule/gcp
2019/09/03 07:08:19 [DEBUG] found available version "0.0.4" for dcos-terraform/compute-forwarding-rule/gcp
2019/09/03 07:08:19 [DEBUG] found available version "0.0.3" for dcos-terraform/compute-forwarding-rule/gcp
2019/09/03 07:08:19 [DEBUG] found available version "0.0.1" for dcos-terraform/compute-forwarding-rule/gcp
2019/09/03 07:08:19 [DEBUG] found available version "0.0.2" for dcos-terraform/compute-forwarding-rule/gcp
2019/09/03 07:08:19 [DEBUG] looking up module location from "https://registry.terraform.io/v1/modules/dcos-terraform/compute-forwarding-rule/gcp/0.2.1/download"
2019/09/03 07:08:20 [DEBUG] found "https://api.github.com/repos/dcos-terraform/terraform-gcp-compute-forwarding-rule/tarball/0.2.1?archive=tar.gz" in ".terraform/modules/3d4ef924c5a457df2e55a16a2a0844e1": true
2019/09/03 07:08:20 [TRACE] "https://api.github.com/repos/dcos-terraform/terraform-gcp-compute-forwarding-rule/tarball/0.2.1?archive=tar.gz" stored in ".terraform/modules/3d4ef924c5a457df2e55a16a2a0844e1"
2019/09/03 07:08:20 [DEBUG] found local version "0.2.1" for module dcos-terraform/compute-forwarding-rule/gcp
2019/09/03 07:08:20 [DEBUG] matched "dcos-terraform/compute-forwarding-rule/gcp" version 0.2.1 for ~> 0.2.0
2019/09/03 07:08:20 [DEBUG] fetching module versions from "https://registry.terraform.io/v1/modules/dcos-terraform/compute-forwarding-rule/gcp/versions"
2019/09/03 07:08:20 [DEBUG] found available version "0.2.1" for dcos-terraform/compute-forwarding-rule/gcp
2019/09/03 07:08:20 [DEBUG] found available version "0.1.1" for dcos-terraform/compute-forwarding-rule/gcp
2019/09/03 07:08:20 [DEBUG] found available version "0.2.0" for dcos-terraform/compute-forwarding-rule/gcp
2019/09/03 07:08:20 [DEBUG] found available version "0.1.0" for dcos-terraform/compute-forwarding-rule/gcp
2019/09/03 07:08:20 [DEBUG] found available version "0.0.11" for dcos-terraform/compute-forwarding-rule/gcp
2019/09/03 07:08:20 [DEBUG] found available version "0.0.10" for dcos-terraform/compute-forwarding-rule/gcp
2019/09/03 07:08:20 [DEBUG] found available version "0.0.9" for dcos-terraform/compute-forwarding-rule/gcp
2019/09/03 07:08:20 [DEBUG] found available version "0.0.8" for dcos-terraform/compute-forwarding-rule/gcp
2019/09/03 07:08:20 [DEBUG] found available version "0.0.7" for dcos-terraform/compute-forwarding-rule/gcp
2019/09/03 07:08:20 [DEBUG] found available version "0.0.6" for dcos-terraform/compute-forwarding-rule/gcp
2019/09/03 07:08:20 [DEBUG] found available version "0.0.5" for dcos-terraform/compute-forwarding-rule/gcp
2019/09/03 07:08:20 [DEBUG] found available version "0.0.4" for dcos-terraform/compute-forwarding-rule/gcp
2019/09/03 07:08:20 [DEBUG] found available version "0.0.3" for dcos-terraform/compute-forwarding-rule/gcp
2019/09/03 07:08:20 [DEBUG] found available version "0.0.1" for dcos-terraform/compute-forwarding-rule/gcp
2019/09/03 07:08:20 [DEBUG] found available version "0.0.2" for dcos-terraform/compute-forwarding-rule/gcp
2019/09/03 07:08:20 [DEBUG] looking up module location from "https://registry.terraform.io/v1/modules/dcos-terraform/compute-forwarding-rule/gcp/0.2.1/download"
2019/09/03 07:08:20 [DEBUG] found "https://api.github.com/repos/dcos-terraform/terraform-gcp-compute-forwarding-rule/tarball/0.2.1?archive=tar.gz" in ".terraform/modules/e589364912c2b155a7d06808554ad56d": true
2019/09/03 07:08:20 [TRACE] "https://api.github.com/repos/dcos-terraform/terraform-gcp-compute-forwarding-rule/tarball/0.2.1?archive=tar.gz" stored in ".terraform/modules/e589364912c2b155a7d06808554ad56d"
2019/09/03 07:08:20 [DEBUG] found local version "0.2.0" for module dcos-terraform/instance/gcp
2019/09/03 07:08:20 [DEBUG] found local version "0.2.0" for module dcos-terraform/instance/gcp
2019/09/03 07:08:20 [DEBUG] found local version "0.2.0" for module dcos-terraform/instance/gcp
2019/09/03 07:08:20 [DEBUG] matched "dcos-terraform/instance/gcp" version 0.2.0 for ~> 0.2.0
2019/09/03 07:08:20 [DEBUG] fetching module versions from "https://registry.terraform.io/v1/modules/dcos-terraform/instance/gcp/versions"
2019/09/03 07:08:20 [DEBUG] found available version "0.0.7" for dcos-terraform/instance/gcp
2019/09/03 07:08:20 [DEBUG] found available version "0.0.2" for dcos-terraform/instance/gcp
2019/09/03 07:08:20 [DEBUG] found available version "0.0.18" for dcos-terraform/instance/gcp
2019/09/03 07:08:20 [DEBUG] found available version "0.0.8" for dcos-terraform/instance/gcp
2019/09/03 07:08:20 [DEBUG] found available version "0.0.0" for dcos-terraform/instance/gcp
2019/09/03 07:08:20 [DEBUG] found available version "0.0.4" for dcos-terraform/instance/gcp
2019/09/03 07:08:20 [DEBUG] found available version "0.0.20" for dcos-terraform/instance/gcp
2019/09/03 07:08:20 [DEBUG] found available version "0.0.3" for dcos-terraform/instance/gcp
2019/09/03 07:08:20 [DEBUG] found available version "0.0.1" for dcos-terraform/instance/gcp
2019/09/03 07:08:20 [DEBUG] found available version "0.0.5" for dcos-terraform/instance/gcp
2019/09/03 07:08:20 [DEBUG] found available version "0.0.14" for dcos-terraform/instance/gcp
2019/09/03 07:08:20 [DEBUG] found available version "0.0.17" for dcos-terraform/instance/gcp
2019/09/03 07:08:20 [DEBUG] found available version "0.0.10" for dcos-terraform/instance/gcp
2019/09/03 07:08:20 [DEBUG] found available version "0.0.6" for dcos-terraform/instance/gcp
2019/09/03 07:08:20 [DEBUG] found available version "0.0.12" for dcos-terraform/instance/gcp
2019/09/03 07:08:20 [DEBUG] found available version "0.0.9" for dcos-terraform/instance/gcp
2019/09/03 07:08:20 [DEBUG] found available version "0.0.11" for dcos-terraform/instance/gcp
2019/09/03 07:08:20 [DEBUG] found available version "0.0.15" for dcos-terraform/instance/gcp
2019/09/03 07:08:20 [DEBUG] found available version "0.0.16" for dcos-terraform/instance/gcp
2019/09/03 07:08:20 [DEBUG] found available version "0.0.13" for dcos-terraform/instance/gcp
2019/09/03 07:08:20 [DEBUG] found available version "0.1.0" for dcos-terraform/instance/gcp
2019/09/03 07:08:20 [DEBUG] found available version "0.0.19" for dcos-terraform/instance/gcp
2019/09/03 07:08:20 [DEBUG] found available version "0.2.0" for dcos-terraform/instance/gcp
2019/09/03 07:08:20 [DEBUG] found available version "0.1.1" for dcos-terraform/instance/gcp
2019/09/03 07:08:20 [DEBUG] looking up module location from "https://registry.terraform.io/v1/modules/dcos-terraform/instance/gcp/0.2.0/download"
2019/09/03 07:08:20 [DEBUG] found "https://api.github.com/repos/dcos-terraform/terraform-gcp-instance/tarball/0.2.0?archive=tar.gz" in ".terraform/modules/3b2cb3a9134a41e51beb971c98477b97": true
2019/09/03 07:08:20 [TRACE] "https://api.github.com/repos/dcos-terraform/terraform-gcp-instance/tarball/0.2.0?archive=tar.gz" stored in ".terraform/modules/3b2cb3a9134a41e51beb971c98477b97"
2019/09/03 07:08:20 [DEBUG] found local version "0.2.0" for module dcos-terraform/tested-oses/gcp
2019/09/03 07:08:20 [DEBUG] found local version "0.2.0" for module dcos-terraform/tested-oses/gcp
2019/09/03 07:08:20 [DEBUG] found local version "0.2.0" for module dcos-terraform/tested-oses/gcp
2019/09/03 07:08:20 [DEBUG] matched "dcos-terraform/tested-oses/gcp" version 0.2.0 for ~> 0.2.0
2019/09/03 07:08:20 [DEBUG] fetching module versions from "https://registry.terraform.io/v1/modules/dcos-terraform/tested-oses/gcp/versions"
2019/09/03 07:08:20 [DEBUG] found available version "0.2.0" for dcos-terraform/tested-oses/gcp
2019/09/03 07:08:20 [DEBUG] found available version "0.1.3" for dcos-terraform/tested-oses/gcp
2019/09/03 07:08:20 [DEBUG] found available version "0.1.2" for dcos-terraform/tested-oses/gcp
2019/09/03 07:08:20 [DEBUG] found available version "0.1.1" for dcos-terraform/tested-oses/gcp
2019/09/03 07:08:20 [DEBUG] found available version "0.1.0" for dcos-terraform/tested-oses/gcp
2019/09/03 07:08:20 [DEBUG] found available version "0.0.8" for dcos-terraform/tested-oses/gcp
2019/09/03 07:08:20 [DEBUG] found available version "0.0.7" for dcos-terraform/tested-oses/gcp
2019/09/03 07:08:20 [DEBUG] found available version "0.0.1" for dcos-terraform/tested-oses/gcp
2019/09/03 07:08:20 [DEBUG] found available version "0.0.2" for dcos-terraform/tested-oses/gcp
2019/09/03 07:08:20 [DEBUG] found available version "0.0.4" for dcos-terraform/tested-oses/gcp
2019/09/03 07:08:20 [DEBUG] found available version "0.0.3" for dcos-terraform/tested-oses/gcp
2019/09/03 07:08:20 [DEBUG] found available version "0.0.6" for dcos-terraform/tested-oses/gcp
2019/09/03 07:08:20 [DEBUG] found available version "0.0.5" for dcos-terraform/tested-oses/gcp
2019/09/03 07:08:20 [DEBUG] looking up module location from "https://registry.terraform.io/v1/modules/dcos-terraform/tested-oses/gcp/0.2.0/download"
2019/09/03 07:08:20 [DEBUG] found "https://api.github.com/repos/dcos-terraform/terraform-gcp-tested-oses/tarball/0.2.0?archive=tar.gz" in ".terraform/modules/2b17b0e39579bf9bf18a5296aa8d8aa3": true
2019/09/03 07:08:20 [TRACE] "https://api.github.com/repos/dcos-terraform/terraform-gcp-tested-oses/tarball/0.2.0?archive=tar.gz" stored in ".terraform/modules/2b17b0e39579bf9bf18a5296aa8d8aa3"
2019/09/03 07:08:20 [INFO] no matching version for "dcos-terraform/dcos-core/template"<~> 0.2.0>, no versions found
2019/09/03 07:08:20 [DEBUG] matched "dcos-terraform/dcos-core/template" version  for ~> 0.2.0
2019/09/03 07:08:20 [DEBUG] fetching module versions from "https://registry.terraform.io/v1/modules/dcos-terraform/dcos-core/template/versions"
2019/09/03 07:08:20 [DEBUG] found available version "0.0.4" for dcos-terraform/dcos-core/template
2019/09/03 07:08:20 [DEBUG] found available version "0.0.10" for dcos-terraform/dcos-core/template
2019/09/03 07:08:20 [DEBUG] found available version "0.0.6" for dcos-terraform/dcos-core/template
2019/09/03 07:08:20 [DEBUG] found available version "0.1.9" for dcos-terraform/dcos-core/template
2019/09/03 07:08:20 [DEBUG] found available version "0.1.2" for dcos-terraform/dcos-core/template
2019/09/03 07:08:20 [DEBUG] found available version "0.0.11" for dcos-terraform/dcos-core/template
2019/09/03 07:08:20 [DEBUG] found available version "0.0.5" for dcos-terraform/dcos-core/template
2019/09/03 07:08:20 [DEBUG] found available version "0.0.12" for dcos-terraform/dcos-core/template
2019/09/03 07:08:20 [DEBUG] found available version "0.1.1" for dcos-terraform/dcos-core/template
2019/09/03 07:08:20 [DEBUG] found available version "0.1.7" for dcos-terraform/dcos-core/template
2019/09/03 07:08:20 [DEBUG] found available version "0.1.0" for dcos-terraform/dcos-core/template
2019/09/03 07:08:20 [DEBUG] found available version "0.0.2" for dcos-terraform/dcos-core/template
2019/09/03 07:08:20 [DEBUG] found available version "0.0.13" for dcos-terraform/dcos-core/template
2019/09/03 07:08:20 [DEBUG] found available version "0.0.1" for dcos-terraform/dcos-core/template
2019/09/03 07:08:20 [DEBUG] found available version "0.1.3" for dcos-terraform/dcos-core/template
2019/09/03 07:08:20 [DEBUG] found available version "0.0.8" for dcos-terraform/dcos-core/template
2019/09/03 07:08:20 [DEBUG] found available version "0.0.7" for dcos-terraform/dcos-core/template
2019/09/03 07:08:20 [DEBUG] found available version "0.1.14" for dcos-terraform/dcos-core/template
2019/09/03 07:08:20 [DEBUG] found available version "0.2.6" for dcos-terraform/dcos-core/template
2019/09/03 07:08:20 [DEBUG] found available version "0.2.2" for dcos-terraform/dcos-core/template
2019/09/03 07:08:20 [DEBUG] found available version "0.2.1" for dcos-terraform/dcos-core/template
2019/09/03 07:08:20 [DEBUG] found available version "0.2.0" for dcos-terraform/dcos-core/template
2019/09/03 07:08:20 [DEBUG] found available version "0.1.10" for dcos-terraform/dcos-core/template
2019/09/03 07:08:20 [DEBUG] found available version "0.1.13" for dcos-terraform/dcos-core/template
2019/09/03 07:08:20 [DEBUG] found available version "0.1.12" for dcos-terraform/dcos-core/template
2019/09/03 07:08:20 [DEBUG] found available version "0.1.11" for dcos-terraform/dcos-core/template
2019/09/03 07:08:20 [DEBUG] found available version "0.1.17" for dcos-terraform/dcos-core/template
2019/09/03 07:08:20 [DEBUG] found available version "0.1.6" for dcos-terraform/dcos-core/template
2019/09/03 07:08:20 [DEBUG] found available version "0.0.9" for dcos-terraform/dcos-core/template
2019/09/03 07:08:20 [DEBUG] found available version "0.0.14" for dcos-terraform/dcos-core/template
2019/09/03 07:08:20 [DEBUG] found available version "0.2.3" for dcos-terraform/dcos-core/template
2019/09/03 07:08:20 [DEBUG] found available version "0.1.8" for dcos-terraform/dcos-core/template
2019/09/03 07:08:20 [DEBUG] found available version "0.2.4" for dcos-terraform/dcos-core/template
2019/09/03 07:08:20 [DEBUG] found available version "0.2.8" for dcos-terraform/dcos-core/template
2019/09/03 07:08:20 [DEBUG] found available version "0.2.5" for dcos-terraform/dcos-core/template
2019/09/03 07:08:20 [DEBUG] found available version "0.1.15" for dcos-terraform/dcos-core/template
2019/09/03 07:08:20 [DEBUG] found available version "0.1.16" for dcos-terraform/dcos-core/template
2019/09/03 07:08:20 [DEBUG] found available version "0.1.18" for dcos-terraform/dcos-core/template
2019/09/03 07:08:20 [DEBUG] found available version "0.2.7" for dcos-terraform/dcos-core/template
2019/09/03 07:08:20 [DEBUG] found available version "0.1.4" for dcos-terraform/dcos-core/template
2019/09/03 07:08:20 [DEBUG] found available version "0.0.15" for dcos-terraform/dcos-core/template
2019/09/03 07:08:20 [DEBUG] found available version "0.0.16" for dcos-terraform/dcos-core/template
2019/09/03 07:08:20 [DEBUG] found available version "0.1.5" for dcos-terraform/dcos-core/template
2019/09/03 07:08:20 [DEBUG] looking up module location from "https://registry.terraform.io/v1/modules/dcos-terraform/dcos-core/template/0.2.8/download"
2019/09/03 07:08:20 [DEBUG] found "https://api.github.com/repos/dcos-terraform/terraform-template-dcos-core/tarball/0.2.8?archive=tar.gz" in ".terraform/modules/29af888f2214c1e9b877623b4c1ac2e1": true
2019/09/03 07:08:20 [TRACE] "https://api.github.com/repos/dcos-terraform/terraform-template-dcos-core/tarball/0.2.8?archive=tar.gz" stored in ".terraform/modules/29af888f2214c1e9b877623b4c1ac2e1"
2019/09/03 07:08:20 [INFO] no matching version for "dcos-terraform/dcos-install-remote-exec-ansible/null"<~> 0.2.3>, no versions found
2019/09/03 07:08:20 [DEBUG] matched "dcos-terraform/dcos-install-remote-exec-ansible/null" version  for ~> 0.2.3
2019/09/03 07:08:20 [DEBUG] fetching module versions from "https://registry.terraform.io/v1/modules/dcos-terraform/dcos-install-remote-exec-ansible/null/versions"
2019/09/03 07:08:20 [DEBUG] found available version "0.2.4" for dcos-terraform/dcos-install-remote-exec-ansible/null
2019/09/03 07:08:20 [DEBUG] found available version "0.2.3" for dcos-terraform/dcos-install-remote-exec-ansible/null
2019/09/03 07:08:20 [DEBUG] found available version "0.2.2" for dcos-terraform/dcos-install-remote-exec-ansible/null
2019/09/03 07:08:20 [DEBUG] found available version "0.2.1" for dcos-terraform/dcos-install-remote-exec-ansible/null
2019/09/03 07:08:20 [DEBUG] found available version "0.2.0" for dcos-terraform/dcos-install-remote-exec-ansible/null
2019/09/03 07:08:20 [DEBUG] found available version "0.0.1" for dcos-terraform/dcos-install-remote-exec-ansible/null
2019/09/03 07:08:20 [DEBUG] looking up module location from "https://registry.terraform.io/v1/modules/dcos-terraform/dcos-install-remote-exec-ansible/null/0.2.4/download"
2019/09/03 07:08:21 [DEBUG] found "https://api.github.com/repos/dcos-terraform/terraform-null-dcos-install-remote-exec-ansible/tarball/0.2.4?archive=tar.gz" in ".terraform/modules/5dadb5db28cb38fcaa3f761ab6c0b28f": true
2019/09/03 07:08:21 [TRACE] "https://api.github.com/repos/dcos-terraform/terraform-null-dcos-install-remote-exec-ansible/tarball/0.2.4?archive=tar.gz" stored in ".terraform/modules/5dadb5db28cb38fcaa3f761ab6c0b28f"
2019/09/03 07:08:21 [INFO] command: empty backend config, returning nil
2019/09/03 07:08:21 [DEBUG] command: no data state file found for backend config
2019/09/03 07:08:21 [DEBUG] New state was assigned lineage "1caff9a5-0ab1-73a1-baaf-95c9417c39ac"
2019/09/03 07:08:21 [INFO] command: backend initialized: <nil>
2019/09/03 07:08:21 [DEBUG] checking for provider in "."
2019/09/03 07:08:21 [DEBUG] checking for provider in "/bin"
2019/09/03 07:08:21 [DEBUG] checking for provisioner in "."
2019/09/03 07:08:21 [DEBUG] checking for provisioner in "/bin"
2019/09/03 07:08:21 [INFO] Failed to read plugin lock file .terraform/plugins/linux_amd64/lock.json: open .terraform/plugins/linux_amd64/lock.json: no such file or directory
2019/09/03 07:08:21 [INFO] command: backend <nil> is not enhanced, wrapping in local
2019/09/03 07:08:21 [DEBUG] found local version "0.2.0" for module dcos-terraform/infrastructure/gcp
2019/09/03 07:08:21 [DEBUG] matched "dcos-terraform/infrastructure/gcp" version 0.2.0 for ~> 0.2.0
2019/09/03 07:08:21 [DEBUG] found local version "0.2.2" for module dcos-terraform/dcos-install-remote-exec/null
2019/09/03 07:08:21 [DEBUG] matched "dcos-terraform/dcos-install-remote-exec/null" version 0.2.2 for ~> 0.2.0
2019/09/03 07:08:21 [DEBUG] found local version "0.2.0" for module dcos-terraform/network/gcp
2019/09/03 07:08:21 [DEBUG] matched "dcos-terraform/network/gcp" version 0.2.0 for ~> 0.2.0
2019/09/03 07:08:21 [DEBUG] found local version "0.2.0" for module dcos-terraform/compute-firewall/gcp
2019/09/03 07:08:21 [DEBUG] matched "dcos-terraform/compute-firewall/gcp" version 0.2.0 for ~> 0.2.0
2019/09/03 07:08:21 [DEBUG] found local version "0.2.0" for module dcos-terraform/compute-forwarding-rule-dcos/gcp
2019/09/03 07:08:21 [DEBUG] matched "dcos-terraform/compute-forwarding-rule-dcos/gcp" version 0.2.0 for ~> 0.2.0
2019/09/03 07:08:21 [DEBUG] found local version "0.2.0" for module dcos-terraform/bootstrap/gcp
2019/09/03 07:08:21 [DEBUG] matched "dcos-terraform/bootstrap/gcp" version 0.2.0 for ~> 0.2.0
2019/09/03 07:08:21 [DEBUG] found local version "0.2.0" for module dcos-terraform/masters/gcp
2019/09/03 07:08:21 [DEBUG] matched "dcos-terraform/masters/gcp" version 0.2.0 for ~> 0.2.0
2019/09/03 07:08:21 [DEBUG] found local version "0.2.0" for module dcos-terraform/private-agents/gcp
2019/09/03 07:08:21 [DEBUG] matched "dcos-terraform/private-agents/gcp" version 0.2.0 for ~> 0.2.0
2019/09/03 07:08:21 [DEBUG] found local version "0.2.0" for module dcos-terraform/public-agents/gcp
2019/09/03 07:08:21 [DEBUG] matched "dcos-terraform/public-agents/gcp" version 0.2.0 for ~> 0.2.0
2019/09/03 07:08:21 [DEBUG] found local version "0.2.0" for module dcos-terraform/compute-forwarding-rule-masters/gcp
2019/09/03 07:08:21 [DEBUG] matched "dcos-terraform/compute-forwarding-rule-masters/gcp" version 0.2.0 for ~> 0.2.0
2019/09/03 07:08:21 [DEBUG] found local version "0.2.0" for module dcos-terraform/compute-forwarding-rule-public-agents/gcp
2019/09/03 07:08:21 [DEBUG] matched "dcos-terraform/compute-forwarding-rule-public-agents/gcp" version 0.2.0 for ~> 0.2.0
2019/09/03 07:08:21 [DEBUG] found local version "0.2.1" for module dcos-terraform/compute-forwarding-rule/gcp
2019/09/03 07:08:21 [DEBUG] found local version "0.2.1" for module dcos-terraform/compute-forwarding-rule/gcp
2019/09/03 07:08:21 [DEBUG] matched "dcos-terraform/compute-forwarding-rule/gcp" version 0.2.1 for ~> 0.2.0
2019/09/03 07:08:21 [DEBUG] found local version "0.2.1" for module dcos-terraform/compute-forwarding-rule/gcp
2019/09/03 07:08:21 [DEBUG] found local version "0.2.1" for module dcos-terraform/compute-forwarding-rule/gcp
2019/09/03 07:08:21 [DEBUG] matched "dcos-terraform/compute-forwarding-rule/gcp" version 0.2.1 for ~> 0.2.0
2019/09/03 07:08:21 [DEBUG] found local version "0.2.0" for module dcos-terraform/instance/gcp
2019/09/03 07:08:21 [DEBUG] found local version "0.2.0" for module dcos-terraform/instance/gcp
2019/09/03 07:08:21 [DEBUG] found local version "0.2.0" for module dcos-terraform/instance/gcp
2019/09/03 07:08:21 [DEBUG] found local version "0.2.0" for module dcos-terraform/instance/gcp
2019/09/03 07:08:21 [DEBUG] matched "dcos-terraform/instance/gcp" version 0.2.0 for ~> 0.2.0
2019/09/03 07:08:21 [DEBUG] found local version "0.2.0" for module dcos-terraform/tested-oses/gcp
2019/09/03 07:08:21 [DEBUG] found local version "0.2.0" for module dcos-terraform/tested-oses/gcp
2019/09/03 07:08:21 [DEBUG] found local version "0.2.0" for module dcos-terraform/tested-oses/gcp
2019/09/03 07:08:21 [DEBUG] found local version "0.2.0" for module dcos-terraform/tested-oses/gcp
2019/09/03 07:08:21 [DEBUG] matched "dcos-terraform/tested-oses/gcp" version 0.2.0 for ~> 0.2.0
2019/09/03 07:08:21 [DEBUG] found local version "0.2.0" for module dcos-terraform/instance/gcp
2019/09/03 07:08:21 [DEBUG] found local version "0.2.0" for module dcos-terraform/instance/gcp
2019/09/03 07:08:21 [DEBUG] found local version "0.2.0" for module dcos-terraform/instance/gcp
2019/09/03 07:08:21 [DEBUG] found local version "0.2.0" for module dcos-terraform/instance/gcp
2019/09/03 07:08:21 [DEBUG] matched "dcos-terraform/instance/gcp" version 0.2.0 for ~> 0.2.0
2019/09/03 07:08:21 [DEBUG] found local version "0.2.0" for module dcos-terraform/tested-oses/gcp
2019/09/03 07:08:21 [DEBUG] found local version "0.2.0" for module dcos-terraform/tested-oses/gcp
2019/09/03 07:08:21 [DEBUG] found local version "0.2.0" for module dcos-terraform/tested-oses/gcp
2019/09/03 07:08:21 [DEBUG] found local version "0.2.0" for module dcos-terraform/tested-oses/gcp
2019/09/03 07:08:21 [DEBUG] matched "dcos-terraform/tested-oses/gcp" version 0.2.0 for ~> 0.2.0
2019/09/03 07:08:21 [DEBUG] found local version "0.2.0" for module dcos-terraform/instance/gcp
2019/09/03 07:08:21 [DEBUG] found local version "0.2.0" for module dcos-terraform/instance/gcp
2019/09/03 07:08:21 [DEBUG] found local version "0.2.0" for module dcos-terraform/instance/gcp
2019/09/03 07:08:21 [DEBUG] found local version "0.2.0" for module dcos-terraform/instance/gcp
2019/09/03 07:08:21 [DEBUG] matched "dcos-terraform/instance/gcp" version 0.2.0 for ~> 0.2.0
2019/09/03 07:08:21 [DEBUG] found local version "0.2.0" for module dcos-terraform/tested-oses/gcp
2019/09/03 07:08:21 [DEBUG] found local version "0.2.0" for module dcos-terraform/tested-oses/gcp
2019/09/03 07:08:21 [DEBUG] found local version "0.2.0" for module dcos-terraform/tested-oses/gcp
2019/09/03 07:08:21 [DEBUG] found local version "0.2.0" for module dcos-terraform/tested-oses/gcp
2019/09/03 07:08:21 [DEBUG] matched "dcos-terraform/tested-oses/gcp" version 0.2.0 for ~> 0.2.0
2019/09/03 07:08:21 [DEBUG] found local version "0.2.0" for module dcos-terraform/instance/gcp
2019/09/03 07:08:21 [DEBUG] found local version "0.2.0" for module dcos-terraform/instance/gcp
2019/09/03 07:08:21 [DEBUG] found local version "0.2.0" for module dcos-terraform/instance/gcp
2019/09/03 07:08:21 [DEBUG] found local version "0.2.0" for module dcos-terraform/instance/gcp
2019/09/03 07:08:21 [DEBUG] matched "dcos-terraform/instance/gcp" version 0.2.0 for ~> 0.2.0
2019/09/03 07:08:21 [DEBUG] found local version "0.2.0" for module dcos-terraform/tested-oses/gcp
2019/09/03 07:08:21 [DEBUG] found local version "0.2.0" for module dcos-terraform/tested-oses/gcp
2019/09/03 07:08:21 [DEBUG] found local version "0.2.0" for module dcos-terraform/tested-oses/gcp
2019/09/03 07:08:21 [DEBUG] found local version "0.2.0" for module dcos-terraform/tested-oses/gcp
2019/09/03 07:08:21 [DEBUG] matched "dcos-terraform/tested-oses/gcp" version 0.2.0 for ~> 0.2.0
2019/09/03 07:08:21 [DEBUG] found local version "0.2.8" for module dcos-terraform/dcos-core/template
2019/09/03 07:08:21 [DEBUG] matched "dcos-terraform/dcos-core/template" version 0.2.8 for ~> 0.2.0
2019/09/03 07:08:21 [DEBUG] found local version "0.2.4" for module dcos-terraform/dcos-install-remote-exec-ansible/null
2019/09/03 07:08:21 [DEBUG] matched "dcos-terraform/dcos-install-remote-exec-ansible/null" version 0.2.4 for ~> 0.2.3
2019/09/03 07:08:21 [DEBUG] checking for provider in "."
2019/09/03 07:08:21 [DEBUG] checking for provider in "/bin"
2019/09/03 07:08:21 [DEBUG] plugin requirements: "template"=""
2019/09/03 07:08:21 [DEBUG] plugin requirements: "null"=""
2019/09/03 07:08:21 [DEBUG] plugin requirements: "random"=""
2019/09/03 07:08:21 [DEBUG] plugin requirements: "google"=""
2019/09/03 07:08:21 [DEBUG] fetching provider info for random version 2.2.0
2019/09/03 07:08:21 [DEBUG] getting provider "random" version "2.2.0"
2019/09/03 07:08:21 [DEBUG] plugin cache is disabled, so downloading random 2.2.0 from https://releases.hashicorp.com/terraform-provider-random/2.2.0/terraform-provider-random_2.2.0_linux_amd64.zip?checksum=sha256:9f19c6070eebc089563d12f3b3e93f720669e60830c4e45eeb37d342a6ed78ad
2019/09/03 07:08:21 [DEBUG] looking for the random 2.2.0 plugin we just installed
2019/09/03 07:08:21 [DEBUG] checking for provider in ".terraform/plugins/linux_amd64"
2019/09/03 07:08:21 [DEBUG] found provider "terraform-provider-random_v2.2.0_x4"
2019/09/03 07:08:21 [DEBUG] all plugins found discovery.PluginMetaSet{discovery.PluginMeta{Name:"random", Version:"2.2.0", Path:"/jenkins/workspace/terraform-gcp-dcos_support_0.2.x/.terraform/plugins/linux_amd64/terraform-provider-random_v2.2.0_x4"}:struct {}{}}
2019/09/03 07:08:21 [DEBUG] filtered plugins discovery.PluginMetaSet{discovery.PluginMeta{Name:"random", Version:"2.2.0", Path:"/jenkins/workspace/terraform-gcp-dcos_support_0.2.x/.terraform/plugins/linux_amd64/terraform-provider-random_v2.2.0_x4"}:struct {}{}}
2019/09/03 07:08:21 [DEBUG] fetching provider info for google version 2.14.0
2019/09/03 07:08:21 [DEBUG] getting provider "google" version "2.14.0"
2019/09/03 07:08:21 [DEBUG] plugin cache is disabled, so downloading google 2.14.0 from https://releases.hashicorp.com/terraform-provider-google/2.14.0/terraform-provider-google_2.14.0_linux_amd64.zip?checksum=sha256:3e9281c101cf2a87e814e4e7a984c985fd2830e1e117c1e2e42c8813feec1437
2019/09/03 07:08:22 [DEBUG] looking for the google 2.14.0 plugin we just installed
2019/09/03 07:08:22 [DEBUG] checking for provider in ".terraform/plugins/linux_amd64"
2019/09/03 07:08:22 [DEBUG] found provider "terraform-provider-google_v2.14.0_x4"
2019/09/03 07:08:22 [DEBUG] found provider "terraform-provider-random_v2.2.0_x4"
2019/09/03 07:08:22 [DEBUG] all plugins found discovery.PluginMetaSet{discovery.PluginMeta{Name:"google", Version:"2.14.0", Path:"/jenkins/workspace/terraform-gcp-dcos_support_0.2.x/.terraform/plugins/linux_amd64/terraform-provider-google_v2.14.0_x4"}:struct {}{}, discovery.PluginMeta{Name:"random", Version:"2.2.0", Path:"/jenkins/workspace/terraform-gcp-dcos_support_0.2.x/.terraform/plugins/linux_amd64/terraform-provider-random_v2.2.0_x4"}:struct {}{}}
2019/09/03 07:08:22 [DEBUG] filtered plugins discovery.PluginMetaSet{discovery.PluginMeta{Name:"google", Version:"2.14.0", Path:"/jenkins/workspace/terraform-gcp-dcos_support_0.2.x/.terraform/plugins/linux_amd64/terraform-provider-google_v2.14.0_x4"}:struct {}{}}
2019/09/03 07:08:22 [DEBUG] fetching provider info for template version 2.1.2
2019/09/03 07:08:22 [DEBUG] getting provider "template" version "2.1.2"
2019/09/03 07:08:22 [DEBUG] plugin cache is disabled, so downloading template 2.1.2 from https://releases.hashicorp.com/terraform-provider-template/2.1.2/terraform-provider-template_2.1.2_linux_amd64.zip?checksum=sha256:149e4bf47ac21b67f6567767afcd29caaf0b0ca43714748093a00a2a98cd17a8
2019/09/03 07:08:23 [DEBUG] looking for the template 2.1.2 plugin we just installed
2019/09/03 07:08:23 [DEBUG] checking for provider in ".terraform/plugins/linux_amd64"
2019/09/03 07:08:23 [DEBUG] found provider "terraform-provider-google_v2.14.0_x4"
2019/09/03 07:08:23 [DEBUG] found provider "terraform-provider-random_v2.2.0_x4"
2019/09/03 07:08:23 [DEBUG] found provider "terraform-provider-template_v2.1.2_x4"
2019/09/03 07:08:23 [DEBUG] all plugins found discovery.PluginMetaSet{discovery.PluginMeta{Name:"google", Version:"2.14.0", Path:"/jenkins/workspace/terraform-gcp-dcos_support_0.2.x/.terraform/plugins/linux_amd64/terraform-provider-google_v2.14.0_x4"}:struct {}{}, discovery.PluginMeta{Name:"random", Version:"2.2.0", Path:"/jenkins/workspace/terraform-gcp-dcos_support_0.2.x/.terraform/plugins/linux_amd64/terraform-provider-random_v2.2.0_x4"}:struct {}{}, discovery.PluginMeta{Name:"template", Version:"2.1.2", Path:"/jenkins/workspace/terraform-gcp-dcos_support_0.2.x/.terraform/plugins/linux_amd64/terraform-provider-template_v2.1.2_x4"}:struct {}{}}
2019/09/03 07:08:23 [DEBUG] filtered plugins discovery.PluginMetaSet{discovery.PluginMeta{Name:"template", Version:"2.1.2", Path:"/jenkins/workspace/terraform-gcp-dcos_support_0.2.x/.terraform/plugins/linux_amd64/terraform-provider-template_v2.1.2_x4"}:struct {}{}}
2019/09/03 07:08:23 [DEBUG] fetching provider info for null version 2.1.2
2019/09/03 07:08:23 [DEBUG] getting provider "null" version "2.1.2"
2019/09/03 07:08:23 [DEBUG] plugin cache is disabled, so downloading null 2.1.2 from https://releases.hashicorp.com/terraform-provider-null/2.1.2/terraform-provider-null_2.1.2_linux_amd64.zip?checksum=sha256:16fc2d9b10cf9e5123bf956e7032c338cc93a03be1ca2e9f3d3b7014c0e866c7
2019/09/03 07:08:23 [DEBUG] looking for the null 2.1.2 plugin we just installed
2019/09/03 07:08:23 [DEBUG] checking for provider in ".terraform/plugins/linux_amd64"
2019/09/03 07:08:23 [DEBUG] found provider "terraform-provider-google_v2.14.0_x4"
2019/09/03 07:08:23 [DEBUG] found provider "terraform-provider-null_v2.1.2_x4"
2019/09/03 07:08:23 [DEBUG] found provider "terraform-provider-random_v2.2.0_x4"
2019/09/03 07:08:23 [DEBUG] found provider "terraform-provider-template_v2.1.2_x4"
2019/09/03 07:08:23 [DEBUG] all plugins found discovery.PluginMetaSet{discovery.PluginMeta{Name:"google", Version:"2.14.0", Path:"/jenkins/workspace/terraform-gcp-dcos_support_0.2.x/.terraform/plugins/linux_amd64/terraform-provider-google_v2.14.0_x4"}:struct {}{}, discovery.PluginMeta{Name:"null", Version:"2.1.2", Path:"/jenkins/workspace/terraform-gcp-dcos_support_0.2.x/.terraform/plugins/linux_amd64/terraform-provider-null_v2.1.2_x4"}:struct {}{}, discovery.PluginMeta{Name:"random", Version:"2.2.0", Path:"/jenkins/workspace/terraform-gcp-dcos_support_0.2.x/.terraform/plugins/linux_amd64/terraform-provider-random_v2.2.0_x4"}:struct {}{}, discovery.PluginMeta{Name:"template", Version:"2.1.2", Path:"/jenkins/workspace/terraform-gcp-dcos_support_0.2.x/.terraform/plugins/linux_amd64/terraform-provider-template_v2.1.2_x4"}:struct {}{}}
2019/09/03 07:08:23 [DEBUG] filtered plugins discovery.PluginMetaSet{discovery.PluginMeta{Name:"null", Version:"2.1.2", Path:"/jenkins/workspace/terraform-gcp-dcos_support_0.2.x/.terraform/plugins/linux_amd64/terraform-provider-null_v2.1.2_x4"}:struct {}{}}
2019/09/03 07:08:23 [DEBUG] checking for provider in "."
2019/09/03 07:08:23 [DEBUG] checking for provider in "/bin"
2019/09/03 07:08:23 [DEBUG] checking for provider in ".terraform/plugins/linux_amd64"
2019/09/03 07:08:23 [DEBUG] found provider "terraform-provider-google_v2.14.0_x4"
2019/09/03 07:08:23 [DEBUG] found provider "terraform-provider-null_v2.1.2_x4"
2019/09/03 07:08:23 [DEBUG] found provider "terraform-provider-random_v2.2.0_x4"
2019/09/03 07:08:23 [DEBUG] found provider "terraform-provider-template_v2.1.2_x4"
2019/09/03 07:08:23 [DEBUG] found valid plugin: "template", "2.1.2", "/jenkins/workspace/terraform-gcp-dcos_support_0.2.x/.terraform/plugins/linux_amd64/terraform-provider-template_v2.1.2_x4"
2019/09/03 07:08:23 [DEBUG] found valid plugin: "google", "2.14.0", "/jenkins/workspace/terraform-gcp-dcos_support_0.2.x/.terraform/plugins/linux_amd64/terraform-provider-google_v2.14.0_x4"
2019/09/03 07:08:23 [DEBUG] found valid plugin: "null", "2.1.2", "/jenkins/workspace/terraform-gcp-dcos_support_0.2.x/.terraform/plugins/linux_amd64/terraform-provider-null_v2.1.2_x4"
2019/09/03 07:08:23 [DEBUG] found valid plugin: "random", "2.2.0", "/jenkins/workspace/terraform-gcp-dcos_support_0.2.x/.terraform/plugins/linux_amd64/terraform-provider-random_v2.2.0_x4"
2019/09/03 07:08:24 [DEBUG] checking for provider in ".terraform/plugins/linux_amd64"
2019/09/03 07:08:24 [DEBUG] found provider "terraform-provider-google_v2.14.0_x4"
2019/09/03 07:08:24 [DEBUG] found provider "terraform-provider-null_v2.1.2_x4"
2019/09/03 07:08:24 [DEBUG] found provider "terraform-provider-random_v2.2.0_x4"
2019/09/03 07:08:24 [DEBUG] found provider "terraform-provider-template_v2.1.2_x4"
2019/09/03 07:08:24 [DEBUG] plugin: waiting for all plugin processes to complete...
2019/09/03 07:08:24 [INFO] Terraform version: 0.11.14 mesosphere 
2019/09/03 07:08:24 [INFO] Go runtime version: go1.12
2019/09/03 07:08:24 [INFO] CLI args: []string{"/bin/terraform", "validate", "-check-variables=false"}
2019/09/03 07:08:24 [DEBUG] Attempting to open CLI config file: /root/.terraformrc
2019/09/03 07:08:24 [DEBUG] File doesn't exist, but doesn't need to. Ignoring.
2019/09/03 07:08:24 [INFO] CLI command args: []string{"validate", "-check-variables=false"}
2019/09/03 07:08:24 [DEBUG] plugin: waiting for all plugin processes to complete...
2019/09/03 07:11:38 [INFO] Terraform version: 0.11.14 mesosphere 
2019/09/03 07:11:38 [INFO] Go runtime version: go1.12
2019/09/03 07:11:38 [INFO] CLI args: []string{"/bin/terraform", "fmt", "main.tf"}
2019/09/03 07:11:38 [DEBUG] Attempting to open CLI config file: /root/.terraformrc
2019/09/03 07:11:38 [DEBUG] File doesn't exist, but doesn't need to. Ignoring.
2019/09/03 07:11:38 [INFO] CLI command args: []string{"fmt", "main.tf"}
2019/09/03 07:11:38 [DEBUG] plugin: waiting for all plugin processes to complete...
2019/09/03 07:11:38 [INFO] Terraform version: 0.11.14 mesosphere 
2019/09/03 07:11:38 [INFO] Go runtime version: go1.12
2019/09/03 07:11:38 [INFO] CLI args: []string{"/bin/terraform", "fmt", "meta.tf"}
2019/09/03 07:11:38 [DEBUG] Attempting to open CLI config file: /root/.terraformrc
2019/09/03 07:11:38 [DEBUG] File doesn't exist, but doesn't need to. Ignoring.
2019/09/03 07:11:38 [INFO] CLI command args: []string{"fmt", "meta.tf"}
2019/09/03 07:11:38 [DEBUG] plugin: waiting for all plugin processes to complete...
2019/09/03 07:11:38 [INFO] Terraform version: 0.11.14 mesosphere 
2019/09/03 07:11:38 [INFO] Go runtime version: go1.12
2019/09/03 07:11:38 [INFO] CLI args: []string{"/bin/terraform", "fmt", "outputs.tf"}
2019/09/03 07:11:38 [DEBUG] Attempting to open CLI config file: /root/.terraformrc
2019/09/03 07:11:38 [DEBUG] File doesn't exist, but doesn't need to. Ignoring.
2019/09/03 07:11:38 [INFO] CLI command args: []string{"fmt", "outputs.tf"}
2019/09/03 07:11:38 [DEBUG] plugin: waiting for all plugin processes to complete...
2019/09/03 07:11:38 [INFO] Terraform version: 0.11.14 mesosphere 
2019/09/03 07:11:38 [INFO] Go runtime version: go1.12
2019/09/03 07:11:38 [INFO] CLI args: []string{"/bin/terraform", "fmt", "outputs_infra_module.tf"}
2019/09/03 07:11:38 [DEBUG] Attempting to open CLI config file: /root/.terraformrc
2019/09/03 07:11:38 [DEBUG] File doesn't exist, but doesn't need to. Ignoring.
2019/09/03 07:11:38 [INFO] CLI command args: []string{"fmt", "outputs_infra_module.tf"}
2019/09/03 07:11:38 [DEBUG] plugin: waiting for all plugin processes to complete...
2019/09/03 07:11:38 [INFO] Terraform version: 0.11.14 mesosphere 
2019/09/03 07:11:38 [INFO] Go runtime version: go1.12
2019/09/03 07:11:38 [INFO] CLI args: []string{"/bin/terraform", "fmt", "variables.tf"}
2019/09/03 07:11:38 [DEBUG] Attempting to open CLI config file: /root/.terraformrc
2019/09/03 07:11:38 [DEBUG] File doesn't exist, but doesn't need to. Ignoring.
2019/09/03 07:11:38 [INFO] CLI command args: []string{"fmt", "variables.tf"}
2019/09/03 07:11:38 [DEBUG] plugin: waiting for all plugin processes to complete...
2019/09/03 07:11:38 [INFO] Terraform version: 0.11.14 mesosphere 
2019/09/03 07:11:38 [INFO] Go runtime version: go1.12
2019/09/03 07:11:38 [INFO] CLI args: []string{"/bin/terraform", "fmt", "variables_dcos_core.tf"}
2019/09/03 07:11:38 [DEBUG] Attempting to open CLI config file: /root/.terraformrc
2019/09/03 07:11:38 [DEBUG] File doesn't exist, but doesn't need to. Ignoring.
2019/09/03 07:11:38 [INFO] CLI command args: []string{"fmt", "variables_dcos_core.tf"}
2019/09/03 07:11:38 [DEBUG] plugin: waiting for all plugin processes to complete...
